[ 2017-03-12T00:28:29+08:00 ] ::1 /thinkp/index.php?m=c=admin&a=personal
INFO: [ app_init ] --START--
INFO: Run Behavior\BuildLiteBehavior [ RunTime:0.000046s ]
INFO: [ app_init ] --END-- [ RunTime:0.001008s ]
ERR: 无法加载模块:C=admin

[ 2017-03-12T00:38:09+08:00 ] ::1 /thinkp/index.php?m=c=admin&a=personal
INFO: [ app_init ] --START--
INFO: Run Behavior\BuildLiteBehavior [ RunTime:0.000076s ]
INFO: [ app_init ] --END-- [ RunTime:0.001068s ]
ERR: 无法加载模块:C=admin

[ 2017-03-12T00:39:28+08:00 ] ::1 /thinkp/index.php?m=c=admin&a=personal
INFO: [ app_init ] --START--
INFO: Run Behavior\BuildLiteBehavior [ RunTime:0.000071s ]
INFO: [ app_init ] --END-- [ RunTime:0.001695s ]
ERR: 无法加载模块:C=admin

[ 2017-03-12T00:39:51+08:00 ] ::1 /thinkp/index.php?m=c=admin&a=personal
INFO: [ app_init ] --START--
INFO: Run Behavior\BuildLiteBehavior [ RunTime:0.000045s ]
INFO: [ app_init ] --END-- [ RunTime:0.000833s ]
ERR: 无法加载模块:C=admin

[ 2017-03-12T00:39:52+08:00 ] ::1 /thinkp/index.php?m=c=admin&a=personal
INFO: [ app_init ] --START--
INFO: Run Behavior\BuildLiteBehavior [ RunTime:0.000050s ]
INFO: [ app_init ] --END-- [ RunTime:0.000936s ]
ERR: 无法加载模块:C=admin

[ 2017-03-12T00:39:58+08:00 ] ::1 /thinkp/index.php?m=c=admin&a=personal
INFO: [ app_init ] --START--
INFO: Run Behavior\BuildLiteBehavior [ RunTime:0.000084s ]
INFO: [ app_init ] --END-- [ RunTime:0.001301s ]
ERR: 无法加载模块:C=admin

[ 2017-03-12T00:40:22+08:00 ] ::1 /thinkp/index.php?m=c=admin&a=personal
INFO: [ app_init ] --START--
INFO: Run Behavior\BuildLiteBehavior [ RunTime:0.000081s ]
INFO: [ app_init ] --END-- [ RunTime:0.001493s ]
ERR: 无法加载模块:C=admin

