[ 2017-03-08T07:23:35+08:00 ] ::1 /thinkp/admin.php?c=menu&a=add
INFO: [ app_init ] --START--
INFO: Run Behavior\BuildLiteBehavior [ RunTime:0.000077s ]
INFO: [ app_init ] --END-- [ RunTime:0.001384s ]
INFO: [ app_begin ] --START--
INFO: Run Behavior\ReadHtmlCacheBehavior [ RunTime:0.002425s ]
INFO: [ app_begin ] --END-- [ RunTime:0.002826s ]
NOTIC: [8] Undefined variable: module D:\wamp\www\thinkp\ThinkPHP\Common\functions.php 第 990 行.
NOTIC: [8] Undefined variable: var D:\wamp\www\thinkp\ThinkPHP\Common\functions.php 第 990 行.
NOTIC: [2] array_reverse() expects parameter 1 to be array, null given D:\wamp\www\thinkp\ThinkPHP\Common\functions.php 第 990 行.
NOTIC: [2] http_build_query(): Parameter 1 expected to be Array or Object.  Incorrect value given D:\wamp\www\thinkp\ThinkPHP\Common\functions.php 第 990 行.

[ 2017-03-08T07:23:35+08:00 ] ::1 /thinkp/admin.php?m=&&m=admin&c=login
INFO: [ app_init ] --START--
INFO: Run Behavior\BuildLiteBehavior [ RunTime:0.000110s ]
INFO: [ app_init ] --END-- [ RunTime:0.062330s ]
INFO: [ app_begin ] --START--
INFO: Run Behavior\ReadHtmlCacheBehavior [ RunTime:0.002208s ]
INFO: [ app_begin ] --END-- [ RunTime:0.003198s ]
INFO: [ view_parse ] --START--
INFO: [ template_filter ] --START--
INFO: Run Behavior\ContentReplaceBehavior [ RunTime:0.000197s ]
INFO: [ template_filter ] --END-- [ RunTime:0.000601s ]
INFO: Run Behavior\ParseTemplateBehavior [ RunTime:0.122697s ]
INFO: [ view_parse ] --END-- [ RunTime:0.123368s ]
INFO: [ view_filter ] --START--
INFO: Run Behavior\WriteHtmlCacheBehavior [ RunTime:0.001055s ]
INFO: [ view_filter ] --END-- [ RunTime:0.001389s ]
INFO: [ app_end ] --START--
INFO: Run Behavior\ShowPageTraceBehavior [ RunTime:0.052937s ]
INFO: [ app_end ] --END-- [ RunTime:0.053585s ]

[ 2017-03-08T07:23:43+08:00 ] ::1 /thinkp/index.php?m=admin&c=login&a=check
INFO: [ app_init ] --START--
INFO: Run Behavior\BuildLiteBehavior [ RunTime:0.000071s ]
INFO: [ app_init ] --END-- [ RunTime:0.001171s ]
INFO: [ app_begin ] --START--
INFO: Run Behavior\ReadHtmlCacheBehavior [ RunTime:0.001350s ]
INFO: [ app_begin ] --END-- [ RunTime:0.001606s ]
SQL: SHOW COLUMNS FROM `cms_admin` [ RunTime:0.0306s ]
SQL: SELECT * FROM `cms_admin` WHERE ( username="admin" ) LIMIT 1   [ RunTime:0.0006s ]

[ 2017-03-08T07:23:44+08:00 ] ::1 /thinkp/index.php?m=admin&c=index
INFO: [ app_init ] --START--
INFO: Run Behavior\BuildLiteBehavior [ RunTime:0.000046s ]
INFO: [ app_init ] --END-- [ RunTime:0.001054s ]
INFO: [ app_begin ] --START--
INFO: Run Behavior\ReadHtmlCacheBehavior [ RunTime:0.001759s ]
INFO: [ app_begin ] --END-- [ RunTime:0.001989s ]
INFO: [ view_parse ] --START--
INFO: [ template_filter ] --START--
INFO: Run Behavior\ContentReplaceBehavior [ RunTime:0.000166s ]
INFO: [ template_filter ] --END-- [ RunTime:0.000373s ]
NOTIC: [2048] Declaration of Common\Model\MenuModel::find() should be compatible with Think\Model::find($options = Array) D:\wamp\www\thinkp\Application\Common\Model\MenuModel.class.php 第 10 行.
SQL: SHOW COLUMNS FROM `cms_menu` [ RunTime:0.0357s ]
SQL: SELECT * FROM `cms_menu` WHERE `status` <> -1 AND `type` = 1 ORDER BY menu_id desc  [ RunTime:0.0006s ]
NOTIC: [8] Undefined index: a D:\wamp\www\thinkp\Application\Common\Common\function.php 第 46 行.
NOTIC: [8] Undefined index: a D:\wamp\www\thinkp\Application\Common\Common\function.php 第 46 行.
NOTIC: [8] Undefined index: a D:\wamp\www\thinkp\Application\Common\Common\function.php 第 46 行.
NOTIC: [8] Undefined index: a D:\wamp\www\thinkp\Application\Common\Common\function.php 第 46 行.
NOTIC: [8] Undefined variable: admincount D:\wamp\www\thinkp\Application\Runtime\Cache\Admin\b595b808c2ebeeeb0478ffc30bb4e87a.php 第 116 行.
NOTIC: [8] Undefined variable: newscount D:\wamp\www\thinkp\Application\Runtime\Cache\Admin\b595b808c2ebeeeb0478ffc30bb4e87a.php 第 138 行.
NOTIC: [8] Undefined variable: news D:\wamp\www\thinkp\Application\Runtime\Cache\Admin\b595b808c2ebeeeb0478ffc30bb4e87a.php 第 160 行.
NOTIC: [8] Undefined variable: news D:\wamp\www\thinkp\Application\Runtime\Cache\Admin\b595b808c2ebeeeb0478ffc30bb4e87a.php 第 165 行.
NOTIC: [8] Undefined variable: news D:\wamp\www\thinkp\Application\Runtime\Cache\Admin\b595b808c2ebeeeb0478ffc30bb4e87a.php 第 169 行.
NOTIC: [8] Undefined variable: positioncount D:\wamp\www\thinkp\Application\Runtime\Cache\Admin\b595b808c2ebeeeb0478ffc30bb4e87a.php 第 182 行.
INFO: Run Behavior\ParseTemplateBehavior [ RunTime:0.127105s ]
INFO: [ view_parse ] --END-- [ RunTime:0.127318s ]
INFO: [ view_filter ] --START--
INFO: Run Behavior\WriteHtmlCacheBehavior [ RunTime:0.000726s ]
INFO: [ view_filter ] --END-- [ RunTime:0.000950s ]
INFO: [ app_end ] --START--
INFO: Run Behavior\ShowPageTraceBehavior [ RunTime:0.001287s ]
INFO: [ app_end ] --END-- [ RunTime:0.001495s ]

[ 2017-03-08T07:48:18+08:00 ] ::1 /thinkp/admin.php?c=content
INFO: [ app_init ] --START--
INFO: Run Behavior\BuildLiteBehavior [ RunTime:0.000046s ]
INFO: [ app_init ] --END-- [ RunTime:0.000846s ]
INFO: [ app_begin ] --START--
INFO: Run Behavior\ReadHtmlCacheBehavior [ RunTime:0.001170s ]
INFO: [ app_begin ] --END-- [ RunTime:0.001408s ]
NOTIC: [8] Undefined index: title D:\wamp\www\thinkp\Application\Admin\Controller\ContentController.class.php 第 14 行.
NOTIC: [8] Undefined index: catid D:\wamp\www\thinkp\Application\Admin\Controller\ContentController.class.php 第 18 行.
NOTIC: [8] Undefined index: p D:\wamp\www\thinkp\Application\Admin\Controller\ContentController.class.php 第 22 行.
NOTIC: [2048] Declaration of Common\Model\NewsModel::find() should be compatible with Think\Model::find($options = Array) D:\wamp\www\thinkp\Application\Common\Model\NewsModel.class.php 第 10 行.
SQL: SHOW COLUMNS FROM `cms_news` [ RunTime:0.0217s ]
SQL: SELECT * FROM `cms_news` WHERE `status` <> -1 ORDER BY listorder desc ,news_id desc LIMIT 0,10   [ RunTime:0.0012s ]
SQL: SELECT COUNT(*) AS tp_count FROM `cms_news` WHERE `status` <> -1 LIMIT 1   [ RunTime:0.0004s ]
NOTIC: [2048] Declaration of Common\Model\PositionModel::find() should be compatible with Think\Model::find($options = Array) D:\wamp\www\thinkp\Application\Common\Model\PositionModel.class.php 第 81 行.
SQL: SHOW COLUMNS FROM `cms_position` [ RunTime:0.0151s ]
SQL: SELECT * FROM `cms_position` WHERE `status` = 1 ORDER BY id  [ RunTime:0.0005s ]
NOTIC: [2048] Declaration of Common\Model\MenuModel::find() should be compatible with Think\Model::find($options = Array) D:\wamp\www\thinkp\Application\Common\Model\MenuModel.class.php 第 104 行.
SQL: SHOW COLUMNS FROM `cms_menu` [ RunTime:0.0156s ]
SQL: SELECT * FROM `cms_menu` WHERE `status` <> -1 AND `type` = 0 ORDER BY menu_id  [ RunTime:0.0005s ]
INFO: [ view_parse ] --START--
INFO: [ template_filter ] --START--
INFO: Run Behavior\ContentReplaceBehavior [ RunTime:0.000178s ]
INFO: [ template_filter ] --END-- [ RunTime:0.000379s ]
SQL: SELECT * FROM `cms_menu` WHERE `status` <> -1 AND `type` = 1 ORDER BY menu_id desc  [ RunTime:0.0006s ]
NOTIC: [8] Undefined index: a D:\wamp\www\thinkp\Application\Common\Common\function.php 第 46 行.
NOTIC: [8] Undefined index: a D:\wamp\www\thinkp\Application\Common\Common\function.php 第 46 行.
NOTIC: [8] Undefined index: a D:\wamp\www\thinkp\Application\Common\Common\function.php 第 46 行.
NOTIC: [8] Undefined index: a D:\wamp\www\thinkp\Application\Common\Common\function.php 第 46 行.
INFO: Run Behavior\ParseTemplateBehavior [ RunTime:0.152337s ]
INFO: [ view_parse ] --END-- [ RunTime:0.152597s ]
INFO: [ view_filter ] --START--
INFO: Run Behavior\WriteHtmlCacheBehavior [ RunTime:0.000735s ]
INFO: [ view_filter ] --END-- [ RunTime:0.000922s ]
INFO: [ app_end ] --START--
INFO: Run Behavior\ShowPageTraceBehavior [ RunTime:0.001044s ]
INFO: [ app_end ] --END-- [ RunTime:0.001240s ]

[ 2017-03-08T07:48:29+08:00 ] ::1 /thinkp/admin.php?c=content&a=add
INFO: [ app_init ] --START--
INFO: Run Behavior\BuildLiteBehavior [ RunTime:0.000053s ]
INFO: [ app_init ] --END-- [ RunTime:0.000828s ]
INFO: [ app_begin ] --START--
INFO: Run Behavior\ReadHtmlCacheBehavior [ RunTime:0.001501s ]
INFO: [ app_begin ] --END-- [ RunTime:0.002069s ]
NOTIC: [2048] Declaration of Common\Model\MenuModel::find() should be compatible with Think\Model::find($options = Array) D:\wamp\www\thinkp\Application\Common\Model\MenuModel.class.php 第 10 行.
SQL: SHOW COLUMNS FROM `cms_menu` [ RunTime:0.0263s ]
SQL: SELECT * FROM `cms_menu` WHERE `status` <> -1 AND `type` = 0 ORDER BY menu_id  [ RunTime:0.0005s ]
INFO: [ view_parse ] --START--
INFO: [ template_filter ] --START--
INFO: Run Behavior\ContentReplaceBehavior [ RunTime:0.000180s ]
INFO: [ template_filter ] --END-- [ RunTime:0.000389s ]
SQL: SELECT * FROM `cms_menu` WHERE `status` <> -1 AND `type` = 1 ORDER BY menu_id desc  [ RunTime:0.0006s ]
NOTIC: [8] Undefined index: a D:\wamp\www\thinkp\Application\Common\Common\function.php 第 46 行.
NOTIC: [8] Undefined index: a D:\wamp\www\thinkp\Application\Common\Common\function.php 第 46 行.
NOTIC: [8] Undefined index: a D:\wamp\www\thinkp\Application\Common\Common\function.php 第 46 行.
NOTIC: [8] Undefined index: a D:\wamp\www\thinkp\Application\Common\Common\function.php 第 46 行.
INFO: Run Behavior\ParseTemplateBehavior [ RunTime:0.139525s ]
INFO: [ view_parse ] --END-- [ RunTime:0.139734s ]
INFO: [ view_filter ] --START--
INFO: Run Behavior\WriteHtmlCacheBehavior [ RunTime:0.000714s ]
INFO: [ view_filter ] --END-- [ RunTime:0.000902s ]
INFO: [ app_end ] --START--
INFO: Run Behavior\ShowPageTraceBehavior [ RunTime:0.001269s ]
INFO: [ app_end ] --END-- [ RunTime:0.001523s ]

[ 2017-03-08T07:48:34+08:00 ] ::1 /thinkp/admin.php?c=menu
INFO: [ app_init ] --START--
INFO: Run Behavior\BuildLiteBehavior [ RunTime:0.000045s ]
INFO: [ app_init ] --END-- [ RunTime:0.000744s ]
INFO: [ app_begin ] --START--
INFO: Run Behavior\ReadHtmlCacheBehavior [ RunTime:0.001025s ]
INFO: [ app_begin ] --END-- [ RunTime:0.001245s ]
NOTIC: [8] Undefined index: p D:\wamp\www\thinkp\Application\Admin\Controller\MenuController.class.php 第 19 行.
NOTIC: [8] Undefined index: pageSize D:\wamp\www\thinkp\Application\Admin\Controller\MenuController.class.php 第 20 行.
NOTIC: [2048] Declaration of Common\Model\MenuModel::find() should be compatible with Think\Model::find($options = Array) D:\wamp\www\thinkp\Application\Common\Model\MenuModel.class.php 第 10 行.
SQL: SHOW COLUMNS FROM `cms_menu` [ RunTime:0.0280s ]
SQL: SELECT * FROM `cms_menu` WHERE `status` <> -1 ORDER BY menu_id desc LIMIT 0,5   [ RunTime:0.0005s ]
SQL: SELECT COUNT(*) AS tp_count FROM `cms_menu` WHERE `status` <> -1 LIMIT 1   [ RunTime:0.0003s ]
INFO: [ view_parse ] --START--
INFO: [ template_filter ] --START--
INFO: Run Behavior\ContentReplaceBehavior [ RunTime:0.000167s ]
INFO: [ template_filter ] --END-- [ RunTime:0.000368s ]
SQL: SELECT * FROM `cms_menu` WHERE `status` <> -1 AND `type` = 1 ORDER BY menu_id desc  [ RunTime:0.0006s ]
NOTIC: [8] Undefined index: a D:\wamp\www\thinkp\Application\Common\Common\function.php 第 46 行.
NOTIC: [8] Undefined index: a D:\wamp\www\thinkp\Application\Common\Common\function.php 第 46 行.
NOTIC: [8] Undefined index: a D:\wamp\www\thinkp\Application\Common\Common\function.php 第 46 行.
NOTIC: [8] Undefined index: a D:\wamp\www\thinkp\Application\Common\Common\function.php 第 46 行.
NOTIC: [8] Array to string conversion D:\wamp\www\thinkp\Application\Runtime\Cache\Admin\b956215329b6f9aca22277599a4efdfc.php 第 102 行.
NOTIC: [8] Undefined variable: type D:\wamp\www\thinkp\Application\Runtime\Cache\Admin\b956215329b6f9aca22277599a4efdfc.php 第 116 行.
NOTIC: [8] Undefined variable: type D:\wamp\www\thinkp\Application\Runtime\Cache\Admin\b956215329b6f9aca22277599a4efdfc.php 第 117 行.
INFO: Run Behavior\ParseTemplateBehavior [ RunTime:0.120139s ]
INFO: [ view_parse ] --END-- [ RunTime:0.120353s ]
INFO: [ view_filter ] --START--
INFO: Run Behavior\WriteHtmlCacheBehavior [ RunTime:0.001027s ]
INFO: [ view_filter ] --END-- [ RunTime:0.001283s ]
INFO: [ app_end ] --START--
INFO: Run Behavior\ShowPageTraceBehavior [ RunTime:0.001124s ]
INFO: [ app_end ] --END-- [ RunTime:0.001375s ]

[ 2017-03-08T07:48:36+08:00 ] ::1 /thinkp/admin.php?c=menu&a=add
INFO: [ app_init ] --START--
INFO: Run Behavior\BuildLiteBehavior [ RunTime:0.000075s ]
INFO: [ app_init ] --END-- [ RunTime:0.001146s ]
INFO: [ app_begin ] --START--
INFO: Run Behavior\ReadHtmlCacheBehavior [ RunTime:0.001464s ]
INFO: [ app_begin ] --END-- [ RunTime:0.001811s ]
INFO: [ view_parse ] --START--
INFO: [ template_filter ] --START--
INFO: Run Behavior\ContentReplaceBehavior [ RunTime:0.000149s ]
INFO: [ template_filter ] --END-- [ RunTime:0.000351s ]
NOTIC: [2048] Declaration of Common\Model\MenuModel::find() should be compatible with Think\Model::find($options = Array) D:\wamp\www\thinkp\Application\Common\Model\MenuModel.class.php 第 10 行.
SQL: SHOW COLUMNS FROM `cms_menu` [ RunTime:0.0142s ]
SQL: SELECT * FROM `cms_menu` WHERE `status` <> -1 AND `type` = 1 ORDER BY menu_id desc  [ RunTime:0.0005s ]
NOTIC: [8] Undefined index: a D:\wamp\www\thinkp\Application\Common\Common\function.php 第 46 行.
NOTIC: [8] Undefined index: a D:\wamp\www\thinkp\Application\Common\Common\function.php 第 46 行.
NOTIC: [8] Undefined index: a D:\wamp\www\thinkp\Application\Common\Common\function.php 第 46 行.
NOTIC: [8] Undefined index: a D:\wamp\www\thinkp\Application\Common\Common\function.php 第 46 行.
INFO: Run Behavior\ParseTemplateBehavior [ RunTime:0.120738s ]
INFO: [ view_parse ] --END-- [ RunTime:0.120950s ]
INFO: [ view_filter ] --START--
INFO: Run Behavior\WriteHtmlCacheBehavior [ RunTime:0.000748s ]
INFO: [ view_filter ] --END-- [ RunTime:0.000952s ]
INFO: [ app_end ] --START--
INFO: Run Behavior\ShowPageTraceBehavior [ RunTime:0.001139s ]
INFO: [ app_end ] --END-- [ RunTime:0.001350s ]

[ 2017-03-08T07:49:11+08:00 ] ::1 /thinkp/admin.php?c=menu&a=add
INFO: [ app_init ] --START--
INFO: Run Behavior\BuildLiteBehavior [ RunTime:0.000047s ]
INFO: [ app_init ] --END-- [ RunTime:0.000787s ]
INFO: [ app_begin ] --START--
INFO: Run Behavior\ReadHtmlCacheBehavior [ RunTime:0.001089s ]
INFO: [ app_begin ] --END-- [ RunTime:0.001310s ]
INFO: [ view_parse ] --START--
INFO: [ template_filter ] --START--
INFO: Run Behavior\ContentReplaceBehavior [ RunTime:0.000163s ]
INFO: [ template_filter ] --END-- [ RunTime:0.000381s ]
NOTIC: [2048] Declaration of Common\Model\MenuModel::find() should be compatible with Think\Model::find($options = Array) D:\wamp\www\thinkp\Application\Common\Model\MenuModel.class.php 第 10 行.
SQL: SHOW COLUMNS FROM `cms_menu` [ RunTime:0.0258s ]
SQL: SELECT * FROM `cms_menu` WHERE `status` <> -1 AND `type` = 1 ORDER BY menu_id desc  [ RunTime:0.0005s ]
NOTIC: [8] Undefined index: a D:\wamp\www\thinkp\Application\Common\Common\function.php 第 46 行.
NOTIC: [8] Undefined index: a D:\wamp\www\thinkp\Application\Common\Common\function.php 第 46 行.
NOTIC: [8] Undefined index: a D:\wamp\www\thinkp\Application\Common\Common\function.php 第 46 行.
NOTIC: [8] Undefined index: a D:\wamp\www\thinkp\Application\Common\Common\function.php 第 46 行.
INFO: Run Behavior\ParseTemplateBehavior [ RunTime:0.131381s ]
INFO: [ view_parse ] --END-- [ RunTime:0.131578s ]
INFO: [ view_filter ] --START--
INFO: Run Behavior\WriteHtmlCacheBehavior [ RunTime:0.000733s ]
INFO: [ view_filter ] --END-- [ RunTime:0.000962s ]
INFO: [ app_end ] --START--
INFO: Run Behavior\ShowPageTraceBehavior [ RunTime:0.001068s ]
INFO: [ app_end ] --END-- [ RunTime:0.001263s ]

[ 2017-03-08T07:50:56+08:00 ] ::1 /thinkp/admin.php?c=menu
INFO: [ app_init ] --START--
INFO: Run Behavior\BuildLiteBehavior [ RunTime:0.000046s ]
INFO: [ app_init ] --END-- [ RunTime:0.000792s ]
INFO: [ app_begin ] --START--
INFO: Run Behavior\ReadHtmlCacheBehavior [ RunTime:0.001205s ]
INFO: [ app_begin ] --END-- [ RunTime:0.001431s ]
NOTIC: [8] Undefined index: p D:\wamp\www\thinkp\Application\Admin\Controller\MenuController.class.php 第 19 行.
NOTIC: [8] Undefined index: pageSize D:\wamp\www\thinkp\Application\Admin\Controller\MenuController.class.php 第 20 行.
NOTIC: [2048] Declaration of Common\Model\MenuModel::find() should be compatible with Think\Model::find($options = Array) D:\wamp\www\thinkp\Application\Common\Model\MenuModel.class.php 第 10 行.
SQL: SHOW COLUMNS FROM `cms_menu` [ RunTime:0.0251s ]
SQL: SELECT * FROM `cms_menu` WHERE `status` <> -1 ORDER BY menu_id desc LIMIT 0,5   [ RunTime:0.0007s ]
SQL: SELECT COUNT(*) AS tp_count FROM `cms_menu` WHERE `status` <> -1 LIMIT 1   [ RunTime:0.0004s ]
INFO: [ view_parse ] --START--
INFO: [ template_filter ] --START--
INFO: Run Behavior\ContentReplaceBehavior [ RunTime:0.000169s ]
INFO: [ template_filter ] --END-- [ RunTime:0.000371s ]
SQL: SELECT * FROM `cms_menu` WHERE `status` <> -1 AND `type` = 1 ORDER BY menu_id desc  [ RunTime:0.0005s ]
NOTIC: [8] Undefined index: a D:\wamp\www\thinkp\Application\Common\Common\function.php 第 46 行.
NOTIC: [8] Undefined index: a D:\wamp\www\thinkp\Application\Common\Common\function.php 第 46 行.
NOTIC: [8] Undefined index: a D:\wamp\www\thinkp\Application\Common\Common\function.php 第 46 行.
NOTIC: [8] Undefined index: a D:\wamp\www\thinkp\Application\Common\Common\function.php 第 46 行.
NOTIC: [8] Array to string conversion D:\wamp\www\thinkp\Application\Runtime\Cache\Admin\b956215329b6f9aca22277599a4efdfc.php 第 102 行.
NOTIC: [8] Undefined variable: type D:\wamp\www\thinkp\Application\Runtime\Cache\Admin\b956215329b6f9aca22277599a4efdfc.php 第 116 行.
NOTIC: [8] Undefined variable: type D:\wamp\www\thinkp\Application\Runtime\Cache\Admin\b956215329b6f9aca22277599a4efdfc.php 第 117 行.
INFO: Run Behavior\ParseTemplateBehavior [ RunTime:0.108231s ]
INFO: [ view_parse ] --END-- [ RunTime:0.108427s ]
INFO: [ view_filter ] --START--
INFO: Run Behavior\WriteHtmlCacheBehavior [ RunTime:0.000793s ]
INFO: [ view_filter ] --END-- [ RunTime:0.000983s ]
INFO: [ app_end ] --START--
INFO: Run Behavior\ShowPageTraceBehavior [ RunTime:0.001080s ]
INFO: [ app_end ] --END-- [ RunTime:0.001277s ]

[ 2017-03-08T07:51:29+08:00 ] ::1 /thinkp/admin.php?c=menu&a=add
INFO: [ app_init ] --START--
INFO: Run Behavior\BuildLiteBehavior [ RunTime:0.000046s ]
INFO: [ app_init ] --END-- [ RunTime:0.000833s ]
INFO: [ app_begin ] --START--
INFO: Run Behavior\ReadHtmlCacheBehavior [ RunTime:0.001093s ]
INFO: [ app_begin ] --END-- [ RunTime:0.001339s ]
INFO: [ view_parse ] --START--
INFO: [ template_filter ] --START--
INFO: Run Behavior\ContentReplaceBehavior [ RunTime:0.000150s ]
INFO: [ template_filter ] --END-- [ RunTime:0.000350s ]
NOTIC: [2048] Declaration of Common\Model\MenuModel::find() should be compatible with Think\Model::find($options = Array) D:\wamp\www\thinkp\Application\Common\Model\MenuModel.class.php 第 10 行.
SQL: SHOW COLUMNS FROM `cms_menu` [ RunTime:0.0152s ]
SQL: SELECT * FROM `cms_menu` WHERE `status` <> -1 AND `type` = 1 ORDER BY menu_id desc  [ RunTime:0.0005s ]
NOTIC: [8] Undefined index: a D:\wamp\www\thinkp\Application\Common\Common\function.php 第 46 行.
NOTIC: [8] Undefined index: a D:\wamp\www\thinkp\Application\Common\Common\function.php 第 46 行.
NOTIC: [8] Undefined index: a D:\wamp\www\thinkp\Application\Common\Common\function.php 第 46 行.
NOTIC: [8] Undefined index: a D:\wamp\www\thinkp\Application\Common\Common\function.php 第 46 行.
INFO: Run Behavior\ParseTemplateBehavior [ RunTime:0.053793s ]
INFO: [ view_parse ] --END-- [ RunTime:0.053983s ]
INFO: [ view_filter ] --START--
INFO: Run Behavior\WriteHtmlCacheBehavior [ RunTime:0.000735s ]
INFO: [ view_filter ] --END-- [ RunTime:0.000922s ]
INFO: [ app_end ] --START--
INFO: Run Behavior\ShowPageTraceBehavior [ RunTime:0.001112s ]
INFO: [ app_end ] --END-- [ RunTime:0.001340s ]

[ 2017-03-08T07:52:48+08:00 ] ::1 /thinkp/admin.php?c=menu&a=add
INFO: [ app_init ] --START--
INFO: Run Behavior\BuildLiteBehavior [ RunTime:0.000072s ]
INFO: [ app_init ] --END-- [ RunTime:0.000841s ]
INFO: [ app_begin ] --START--
INFO: Run Behavior\ReadHtmlCacheBehavior [ RunTime:0.001040s ]
INFO: [ app_begin ] --END-- [ RunTime:0.001285s ]
INFO: [ view_parse ] --START--
INFO: [ template_filter ] --START--
INFO: Run Behavior\ContentReplaceBehavior [ RunTime:0.000174s ]
INFO: [ template_filter ] --END-- [ RunTime:0.000449s ]
NOTIC: [2048] Declaration of Common\Model\MenuModel::find() should be compatible with Think\Model::find($options = Array) D:\wamp\www\thinkp\Application\Common\Model\MenuModel.class.php 第 10 行.
SQL: SHOW COLUMNS FROM `cms_menu` [ RunTime:0.0277s ]
SQL: SELECT * FROM `cms_menu` WHERE `status` <> -1 AND `type` = 1 ORDER BY menu_id desc  [ RunTime:0.0008s ]
NOTIC: [8] Undefined index: a D:\wamp\www\thinkp\Application\Common\Common\function.php 第 46 行.
NOTIC: [8] Undefined index: a D:\wamp\www\thinkp\Application\Common\Common\function.php 第 46 行.
NOTIC: [8] Undefined index: a D:\wamp\www\thinkp\Application\Common\Common\function.php 第 46 行.
NOTIC: [8] Undefined index: a D:\wamp\www\thinkp\Application\Common\Common\function.php 第 46 行.
INFO: Run Behavior\ParseTemplateBehavior [ RunTime:0.069578s ]
INFO: [ view_parse ] --END-- [ RunTime:0.069775s ]
INFO: [ view_filter ] --START--
INFO: Run Behavior\WriteHtmlCacheBehavior [ RunTime:0.000807s ]
INFO: [ view_filter ] --END-- [ RunTime:0.000997s ]
INFO: [ app_end ] --START--
INFO: Run Behavior\ShowPageTraceBehavior [ RunTime:0.001113s ]
INFO: [ app_end ] --END-- [ RunTime:0.001310s ]

[ 2017-03-08T07:52:55+08:00 ] ::1 /thinkp/admin.php?c=menu&a=add
INFO: [ app_init ] --START--
INFO: Run Behavior\BuildLiteBehavior [ RunTime:0.000080s ]
INFO: [ app_init ] --END-- [ RunTime:0.002059s ]
INFO: [ app_begin ] --START--
INFO: Run Behavior\ReadHtmlCacheBehavior [ RunTime:0.001153s ]
INFO: [ app_begin ] --END-- [ RunTime:0.001336s ]

[ 2017-03-08T07:52:59+08:00 ] ::1 /thinkp/admin.php?c=menu&a=add
INFO: [ app_init ] --START--
INFO: Run Behavior\BuildLiteBehavior [ RunTime:0.000072s ]
INFO: [ app_init ] --END-- [ RunTime:0.001278s ]
INFO: [ app_begin ] --START--
INFO: Run Behavior\ReadHtmlCacheBehavior [ RunTime:0.001691s ]
INFO: [ app_begin ] --END-- [ RunTime:0.002011s ]
NOTIC: [8] Undefined index: menu_id D:\wamp\www\thinkp\Application\Admin\Controller\MenuController.class.php 第 47 行.
NOTIC: [2048] Declaration of Common\Model\MenuModel::find() should be compatible with Think\Model::find($options = Array) D:\wamp\www\thinkp\Application\Common\Model\MenuModel.class.php 第 10 行.
SQL: SHOW COLUMNS FROM `cms_menu` [ RunTime:0.0203s ]
SQL: INSERT INTO `cms_menu` (`name`,`type`,`m`,`c`,`f`,`status`) VALUES ('1','1','1','1','1','1') [ RunTime:0.0016s ]

[ 2017-03-08T07:53:29+08:00 ] ::1 /thinkp/admin.php?c=menu
INFO: [ app_init ] --START--
INFO: Run Behavior\BuildLiteBehavior [ RunTime:0.000052s ]
INFO: [ app_init ] --END-- [ RunTime:0.000759s ]
INFO: [ app_begin ] --START--
INFO: Run Behavior\ReadHtmlCacheBehavior [ RunTime:0.003019s ]
INFO: [ app_begin ] --END-- [ RunTime:0.003449s ]
NOTIC: [8] Undefined index: p D:\wamp\www\thinkp\Application\Admin\Controller\MenuController.class.php 第 19 行.
NOTIC: [8] Undefined index: pageSize D:\wamp\www\thinkp\Application\Admin\Controller\MenuController.class.php 第 20 行.
NOTIC: [2048] Declaration of Common\Model\MenuModel::find() should be compatible with Think\Model::find($options = Array) D:\wamp\www\thinkp\Application\Common\Model\MenuModel.class.php 第 10 行.
SQL: SHOW COLUMNS FROM `cms_menu` [ RunTime:0.0308s ]
SQL: SELECT * FROM `cms_menu` WHERE `status` <> -1 ORDER BY menu_id desc LIMIT 0,5   [ RunTime:0.0005s ]
SQL: SELECT COUNT(*) AS tp_count FROM `cms_menu` WHERE `status` <> -1 LIMIT 1   [ RunTime:0.0003s ]
INFO: [ view_parse ] --START--
INFO: [ template_filter ] --START--
INFO: Run Behavior\ContentReplaceBehavior [ RunTime:0.000279s ]
INFO: [ template_filter ] --END-- [ RunTime:0.000632s ]
SQL: SELECT * FROM `cms_menu` WHERE `status` <> -1 AND `type` = 1 ORDER BY menu_id desc  [ RunTime:0.0007s ]
NOTIC: [8] Undefined index: a D:\wamp\www\thinkp\Application\Common\Common\function.php 第 46 行.
NOTIC: [8] Undefined index: a D:\wamp\www\thinkp\Application\Common\Common\function.php 第 46 行.
NOTIC: [8] Undefined index: a D:\wamp\www\thinkp\Application\Common\Common\function.php 第 46 行.
NOTIC: [8] Undefined index: a D:\wamp\www\thinkp\Application\Common\Common\function.php 第 46 行.
NOTIC: [8] Undefined index: a D:\wamp\www\thinkp\Application\Common\Common\function.php 第 46 行.
NOTIC: [8] Array to string conversion D:\wamp\www\thinkp\Application\Runtime\Cache\Admin\b956215329b6f9aca22277599a4efdfc.php 第 102 行.
NOTIC: [8] Undefined variable: type D:\wamp\www\thinkp\Application\Runtime\Cache\Admin\b956215329b6f9aca22277599a4efdfc.php 第 116 行.
NOTIC: [8] Undefined variable: type D:\wamp\www\thinkp\Application\Runtime\Cache\Admin\b956215329b6f9aca22277599a4efdfc.php 第 117 行.
INFO: Run Behavior\ParseTemplateBehavior [ RunTime:0.135277s ]
INFO: [ view_parse ] --END-- [ RunTime:0.135555s ]
INFO: [ view_filter ] --START--
INFO: Run Behavior\WriteHtmlCacheBehavior [ RunTime:0.001106s ]
INFO: [ view_filter ] --END-- [ RunTime:0.001435s ]
INFO: [ app_end ] --START--
INFO: Run Behavior\ShowPageTraceBehavior [ RunTime:0.001584s ]
INFO: [ app_end ] --END-- [ RunTime:0.001912s ]

[ 2017-03-08T07:53:32+08:00 ] ::1 /thinkp/admin.php?c=menu&a=add
INFO: [ app_init ] --START--
INFO: Run Behavior\BuildLiteBehavior [ RunTime:0.000083s ]
INFO: [ app_init ] --END-- [ RunTime:0.001376s ]
INFO: [ app_begin ] --START--
INFO: Run Behavior\ReadHtmlCacheBehavior [ RunTime:0.001460s ]
INFO: [ app_begin ] --END-- [ RunTime:0.001766s ]
INFO: [ view_parse ] --START--
INFO: [ template_filter ] --START--
INFO: Run Behavior\ContentReplaceBehavior [ RunTime:0.000152s ]
INFO: [ template_filter ] --END-- [ RunTime:0.000362s ]
NOTIC: [2048] Declaration of Common\Model\MenuModel::find() should be compatible with Think\Model::find($options = Array) D:\wamp\www\thinkp\Application\Common\Model\MenuModel.class.php 第 10 行.
SQL: SHOW COLUMNS FROM `cms_menu` [ RunTime:0.0344s ]
SQL: SELECT * FROM `cms_menu` WHERE `status` <> -1 AND `type` = 1 ORDER BY menu_id desc  [ RunTime:0.0007s ]
NOTIC: [8] Undefined index: a D:\wamp\www\thinkp\Application\Common\Common\function.php 第 46 行.
NOTIC: [8] Undefined index: a D:\wamp\www\thinkp\Application\Common\Common\function.php 第 46 行.
NOTIC: [8] Undefined index: a D:\wamp\www\thinkp\Application\Common\Common\function.php 第 46 行.
NOTIC: [8] Undefined index: a D:\wamp\www\thinkp\Application\Common\Common\function.php 第 46 行.
NOTIC: [8] Undefined index: a D:\wamp\www\thinkp\Application\Common\Common\function.php 第 46 行.
INFO: Run Behavior\ParseTemplateBehavior [ RunTime:0.144464s ]
INFO: [ view_parse ] --END-- [ RunTime:0.144662s ]
INFO: [ view_filter ] --START--
INFO: Run Behavior\WriteHtmlCacheBehavior [ RunTime:0.000713s ]
INFO: [ view_filter ] --END-- [ RunTime:0.000910s ]
INFO: [ app_end ] --START--
INFO: Run Behavior\ShowPageTraceBehavior [ RunTime:0.001533s ]
INFO: [ app_end ] --END-- [ RunTime:0.001770s ]

[ 2017-03-08T07:56:44+08:00 ] ::1 /thinkp/admin.php?c=menu
INFO: [ app_init ] --START--
INFO: Run Behavior\BuildLiteBehavior [ RunTime:0.000047s ]
INFO: [ app_init ] --END-- [ RunTime:0.000761s ]
INFO: [ app_begin ] --START--
INFO: Run Behavior\ReadHtmlCacheBehavior [ RunTime:0.002780s ]
INFO: [ app_begin ] --END-- [ RunTime:0.003170s ]
NOTIC: [8] Undefined index: p D:\wamp\www\thinkp\Application\Admin\Controller\MenuController.class.php 第 19 行.
NOTIC: [8] Undefined index: pageSize D:\wamp\www\thinkp\Application\Admin\Controller\MenuController.class.php 第 20 行.
NOTIC: [2048] Declaration of Common\Model\MenuModel::find() should be compatible with Think\Model::find($options = Array) D:\wamp\www\thinkp\Application\Common\Model\MenuModel.class.php 第 10 行.
SQL: SHOW COLUMNS FROM `cms_menu` [ RunTime:0.0211s ]
SQL: SELECT * FROM `cms_menu` WHERE `status` <> -1 ORDER BY menu_id desc LIMIT 0,5   [ RunTime:0.0006s ]
SQL: SELECT COUNT(*) AS tp_count FROM `cms_menu` WHERE `status` <> -1 LIMIT 1   [ RunTime:0.0004s ]
INFO: [ view_parse ] --START--
INFO: [ template_filter ] --START--
INFO: Run Behavior\ContentReplaceBehavior [ RunTime:0.000165s ]
INFO: [ template_filter ] --END-- [ RunTime:0.000366s ]
SQL: SELECT * FROM `cms_menu` WHERE `status` <> -1 AND `type` = 1 ORDER BY menu_id desc  [ RunTime:0.0006s ]
NOTIC: [8] Undefined index: a D:\wamp\www\thinkp\Application\Common\Common\function.php 第 46 行.
NOTIC: [8] Undefined index: a D:\wamp\www\thinkp\Application\Common\Common\function.php 第 46 行.
NOTIC: [8] Undefined index: a D:\wamp\www\thinkp\Application\Common\Common\function.php 第 46 行.
NOTIC: [8] Undefined index: a D:\wamp\www\thinkp\Application\Common\Common\function.php 第 46 行.
NOTIC: [8] Undefined index: a D:\wamp\www\thinkp\Application\Common\Common\function.php 第 46 行.
NOTIC: [8] Array to string conversion D:\wamp\www\thinkp\Application\Runtime\Cache\Admin\b956215329b6f9aca22277599a4efdfc.php 第 102 行.
NOTIC: [8] Undefined variable: type D:\wamp\www\thinkp\Application\Runtime\Cache\Admin\b956215329b6f9aca22277599a4efdfc.php 第 116 行.
NOTIC: [8] Undefined variable: type D:\wamp\www\thinkp\Application\Runtime\Cache\Admin\b956215329b6f9aca22277599a4efdfc.php 第 117 行.
INFO: Run Behavior\ParseTemplateBehavior [ RunTime:0.109540s ]
INFO: [ view_parse ] --END-- [ RunTime:0.109814s ]
INFO: [ view_filter ] --START--
INFO: Run Behavior\WriteHtmlCacheBehavior [ RunTime:0.000997s ]
INFO: [ view_filter ] --END-- [ RunTime:0.001357s ]
INFO: [ app_end ] --START--
INFO: Run Behavior\ShowPageTraceBehavior [ RunTime:0.001089s ]
INFO: [ app_end ] --END-- [ RunTime:0.001301s ]

[ 2017-03-08T07:56:53+08:00 ] ::1 /thinkp/admin.php?c=menu&a=setStatus
INFO: [ app_init ] --START--
INFO: Run Behavior\BuildLiteBehavior [ RunTime:0.000049s ]
INFO: [ app_init ] --END-- [ RunTime:0.000785s ]
INFO: [ app_begin ] --START--
INFO: Run Behavior\ReadHtmlCacheBehavior [ RunTime:0.001398s ]
INFO: [ app_begin ] --END-- [ RunTime:0.001772s ]
NOTIC: [2048] Declaration of Common\Model\MenuModel::find() should be compatible with Think\Model::find($options = Array) D:\wamp\www\thinkp\Application\Common\Model\MenuModel.class.php 第 10 行.
SQL: SHOW COLUMNS FROM `cms_menu` [ RunTime:0.0181s ]
SQL: UPDATE `cms_menu` SET `status`='-1' WHERE ( menu_id=58 ) [ RunTime:0.0006s ]

[ 2017-03-08T07:56:54+08:00 ] ::1 /thinkp/admin.php?c=menu
INFO: [ app_init ] --START--
INFO: Run Behavior\BuildLiteBehavior [ RunTime:0.000082s ]
INFO: [ app_init ] --END-- [ RunTime:0.001287s ]
INFO: [ app_begin ] --START--
INFO: Run Behavior\ReadHtmlCacheBehavior [ RunTime:0.001651s ]
INFO: [ app_begin ] --END-- [ RunTime:0.002042s ]
NOTIC: [8] Undefined index: p D:\wamp\www\thinkp\Application\Admin\Controller\MenuController.class.php 第 19 行.
NOTIC: [8] Undefined index: pageSize D:\wamp\www\thinkp\Application\Admin\Controller\MenuController.class.php 第 20 行.
NOTIC: [2048] Declaration of Common\Model\MenuModel::find() should be compatible with Think\Model::find($options = Array) D:\wamp\www\thinkp\Application\Common\Model\MenuModel.class.php 第 10 行.
SQL: SHOW COLUMNS FROM `cms_menu` [ RunTime:0.0165s ]
SQL: SELECT * FROM `cms_menu` WHERE `status` <> -1 ORDER BY menu_id desc LIMIT 0,5   [ RunTime:0.0006s ]
SQL: SELECT COUNT(*) AS tp_count FROM `cms_menu` WHERE `status` <> -1 LIMIT 1   [ RunTime:0.0003s ]
INFO: [ view_parse ] --START--
INFO: [ template_filter ] --START--
INFO: Run Behavior\ContentReplaceBehavior [ RunTime:0.000333s ]
INFO: [ template_filter ] --END-- [ RunTime:0.000616s ]
SQL: SELECT * FROM `cms_menu` WHERE `status` <> -1 AND `type` = 1 ORDER BY menu_id desc  [ RunTime:0.0007s ]
NOTIC: [8] Undefined index: a D:\wamp\www\thinkp\Application\Common\Common\function.php 第 46 行.
NOTIC: [8] Undefined index: a D:\wamp\www\thinkp\Application\Common\Common\function.php 第 46 行.
NOTIC: [8] Undefined index: a D:\wamp\www\thinkp\Application\Common\Common\function.php 第 46 行.
NOTIC: [8] Undefined index: a D:\wamp\www\thinkp\Application\Common\Common\function.php 第 46 行.
NOTIC: [8] Array to string conversion D:\wamp\www\thinkp\Application\Runtime\Cache\Admin\b956215329b6f9aca22277599a4efdfc.php 第 102 行.
NOTIC: [8] Undefined variable: type D:\wamp\www\thinkp\Application\Runtime\Cache\Admin\b956215329b6f9aca22277599a4efdfc.php 第 116 行.
NOTIC: [8] Undefined variable: type D:\wamp\www\thinkp\Application\Runtime\Cache\Admin\b956215329b6f9aca22277599a4efdfc.php 第 117 行.
INFO: Run Behavior\ParseTemplateBehavior [ RunTime:0.107631s ]
INFO: [ view_parse ] --END-- [ RunTime:0.107889s ]
INFO: [ view_filter ] --START--
INFO: Run Behavior\WriteHtmlCacheBehavior [ RunTime:0.001015s ]
INFO: [ view_filter ] --END-- [ RunTime:0.001323s ]
INFO: [ app_end ] --START--
INFO: Run Behavior\ShowPageTraceBehavior [ RunTime:0.001268s ]
INFO: [ app_end ] --END-- [ RunTime:0.001576s ]

[ 2017-03-08T08:14:14+08:00 ] ::1 /thinkp/admin.php?c=menu
INFO: [ app_init ] --START--
INFO: Run Behavior\BuildLiteBehavior [ RunTime:0.000078s ]
INFO: [ app_init ] --END-- [ RunTime:0.001715s ]
INFO: [ app_begin ] --START--
INFO: Run Behavior\ReadHtmlCacheBehavior [ RunTime:0.002064s ]
INFO: [ app_begin ] --END-- [ RunTime:0.002576s ]
NOTIC: [8] Undefined index: p D:\wamp\www\thinkp\Application\Admin\Controller\MenuController.class.php 第 18 行.
NOTIC: [8] Undefined index: pageSize D:\wamp\www\thinkp\Application\Admin\Controller\MenuController.class.php 第 19 行.
NOTIC: [2048] Declaration of Common\Model\MenuModel::find() should be compatible with Think\Model::find($options = Array) D:\wamp\www\thinkp\Application\Common\Model\MenuModel.class.php 第 10 行.
SQL: SHOW COLUMNS FROM `cms_menu` [ RunTime:0.0184s ]
SQL: SELECT * FROM `cms_menu` WHERE `status` <> -1 ORDER BY menu_id desc LIMIT 0,5   [ RunTime:0.0007s ]
SQL: SELECT COUNT(*) AS tp_count FROM `cms_menu` WHERE `status` <> -1 LIMIT 1   [ RunTime:0.0003s ]
INFO: [ view_parse ] --START--
INFO: [ template_filter ] --START--
INFO: Run Behavior\ContentReplaceBehavior [ RunTime:0.000281s ]
INFO: [ template_filter ] --END-- [ RunTime:0.000645s ]
SQL: SELECT * FROM `cms_menu` WHERE `status` <> -1 AND `type` = 1 ORDER BY menu_id desc  [ RunTime:0.0009s ]
NOTIC: [8] Undefined index: a D:\wamp\www\thinkp\Application\Common\Common\function.php 第 46 行.
NOTIC: [8] Undefined index: a D:\wamp\www\thinkp\Application\Common\Common\function.php 第 46 行.
NOTIC: [8] Undefined index: a D:\wamp\www\thinkp\Application\Common\Common\function.php 第 46 行.
NOTIC: [8] Undefined index: a D:\wamp\www\thinkp\Application\Common\Common\function.php 第 46 行.
NOTIC: [8] Array to string conversion D:\wamp\www\thinkp\Application\Runtime\Cache\Admin\b956215329b6f9aca22277599a4efdfc.php 第 102 行.
NOTIC: [8] Undefined variable: type D:\wamp\www\thinkp\Application\Runtime\Cache\Admin\b956215329b6f9aca22277599a4efdfc.php 第 116 行.
NOTIC: [8] Undefined variable: type D:\wamp\www\thinkp\Application\Runtime\Cache\Admin\b956215329b6f9aca22277599a4efdfc.php 第 117 行.
INFO: Run Behavior\ParseTemplateBehavior [ RunTime:0.166128s ]
INFO: [ view_parse ] --END-- [ RunTime:0.166409s ]
INFO: [ view_filter ] --START--
INFO: Run Behavior\WriteHtmlCacheBehavior [ RunTime:0.004978s ]
INFO: [ view_filter ] --END-- [ RunTime:0.005332s ]
INFO: [ app_end ] --START--
INFO: Run Behavior\ShowPageTraceBehavior [ RunTime:0.001849s ]
INFO: [ app_end ] --END-- [ RunTime:0.002322s ]

