[ 2017-03-09T22:56:18+08:00 ] 127.0.0.1 /thinkp/admin.php?c=menu&a=add
INFO: [ app_init ] --START--
INFO: Run Behavior\BuildLiteBehavior [ RunTime:0.000082s ]
INFO: [ app_init ] --END-- [ RunTime:0.019094s ]
INFO: [ app_begin ] --START--
INFO: Run Behavior\ReadHtmlCacheBehavior [ RunTime:0.026329s ]
INFO: [ app_begin ] --END-- [ RunTime:0.026707s ]
NOTIC: [8] Undefined variable: module D:\wamp\www\thinkp\ThinkPHP\Common\functions.php 第 990 行.
NOTIC: [8] Undefined variable: var D:\wamp\www\thinkp\ThinkPHP\Common\functions.php 第 990 行.
NOTIC: [2] array_reverse() expects parameter 1 to be array, null given D:\wamp\www\thinkp\ThinkPHP\Common\functions.php 第 990 行.
NOTIC: [2] http_build_query(): Parameter 1 expected to be Array or Object.  Incorrect value given D:\wamp\www\thinkp\ThinkPHP\Common\functions.php 第 990 行.

[ 2017-03-09T22:56:18+08:00 ] 127.0.0.1 /thinkp/admin.php?m=&&m=admin&c=login
INFO: [ app_init ] --START--
INFO: Run Behavior\BuildLiteBehavior [ RunTime:0.000044s ]
INFO: [ app_init ] --END-- [ RunTime:0.000696s ]
INFO: [ app_begin ] --START--
INFO: Run Behavior\ReadHtmlCacheBehavior [ RunTime:0.001196s ]
INFO: [ app_begin ] --END-- [ RunTime:0.001495s ]
INFO: [ view_parse ] --START--
INFO: [ template_filter ] --START--
INFO: Run Behavior\ContentReplaceBehavior [ RunTime:0.000592s ]
INFO: [ template_filter ] --END-- [ RunTime:0.000806s ]
INFO: Run Behavior\ParseTemplateBehavior [ RunTime:0.186050s ]
INFO: [ view_parse ] --END-- [ RunTime:0.186448s ]
INFO: [ view_filter ] --START--
INFO: Run Behavior\WriteHtmlCacheBehavior [ RunTime:0.022075s ]
INFO: [ view_filter ] --END-- [ RunTime:0.022408s ]
INFO: [ app_end ] --START--
INFO: Run Behavior\ShowPageTraceBehavior [ RunTime:0.014969s ]
INFO: [ app_end ] --END-- [ RunTime:0.015375s ]

[ 2017-03-09T22:56:43+08:00 ] ::1 /thinkp/index.php?m=admin&c=login&a=check
INFO: [ app_init ] --START--
INFO: Run Behavior\BuildLiteBehavior [ RunTime:0.000049s ]
INFO: [ app_init ] --END-- [ RunTime:0.000782s ]
INFO: [ app_begin ] --START--
INFO: Run Behavior\ReadHtmlCacheBehavior [ RunTime:0.000977s ]
INFO: [ app_begin ] --END-- [ RunTime:0.001162s ]
SQL: SHOW COLUMNS FROM `cms_admin` [ RunTime:0.0371s ]
SQL: SELECT * FROM `cms_admin` WHERE ( username="admin" ) LIMIT 1   [ RunTime:0.0028s ]

[ 2017-03-09T22:56:44+08:00 ] ::1 /thinkp/index.php?m=admin&c=index
INFO: [ app_init ] --START--
INFO: Run Behavior\BuildLiteBehavior [ RunTime:0.000074s ]
INFO: [ app_init ] --END-- [ RunTime:0.001082s ]
INFO: [ app_begin ] --START--
INFO: Run Behavior\ReadHtmlCacheBehavior [ RunTime:0.001159s ]
INFO: [ app_begin ] --END-- [ RunTime:0.001473s ]
INFO: [ view_parse ] --START--
INFO: [ template_filter ] --START--
INFO: Run Behavior\ContentReplaceBehavior [ RunTime:0.000157s ]
INFO: [ template_filter ] --END-- [ RunTime:0.000358s ]
NOTIC: [2048] Declaration of Common\Model\MenuModel::find() should be compatible with Think\Model::find($options = Array) D:\wamp\www\thinkp\Application\Common\Model\MenuModel.class.php 第 10 行.
SQL: SHOW COLUMNS FROM `cms_menu` [ RunTime:0.0326s ]
SQL: SELECT * FROM `cms_menu` WHERE `status` <> -1 AND `type` = 1 ORDER BY menu_id desc  [ RunTime:0.0006s ]
NOTIC: [8] Undefined index: a D:\wamp\www\thinkp\Application\Common\Common\function.php 第 46 行.
NOTIC: [8] Undefined index: a D:\wamp\www\thinkp\Application\Common\Common\function.php 第 46 行.
NOTIC: [8] Undefined index: a D:\wamp\www\thinkp\Application\Common\Common\function.php 第 46 行.
NOTIC: [8] Undefined index: a D:\wamp\www\thinkp\Application\Common\Common\function.php 第 46 行.
NOTIC: [8] Undefined variable: admincount D:\wamp\www\thinkp\Application\Runtime\Cache\Admin\b595b808c2ebeeeb0478ffc30bb4e87a.php 第 116 行.
NOTIC: [8] Undefined variable: newscount D:\wamp\www\thinkp\Application\Runtime\Cache\Admin\b595b808c2ebeeeb0478ffc30bb4e87a.php 第 138 行.
NOTIC: [8] Undefined variable: news D:\wamp\www\thinkp\Application\Runtime\Cache\Admin\b595b808c2ebeeeb0478ffc30bb4e87a.php 第 160 行.
NOTIC: [8] Undefined variable: news D:\wamp\www\thinkp\Application\Runtime\Cache\Admin\b595b808c2ebeeeb0478ffc30bb4e87a.php 第 165 行.
NOTIC: [8] Undefined variable: news D:\wamp\www\thinkp\Application\Runtime\Cache\Admin\b595b808c2ebeeeb0478ffc30bb4e87a.php 第 169 行.
NOTIC: [8] Undefined variable: positioncount D:\wamp\www\thinkp\Application\Runtime\Cache\Admin\b595b808c2ebeeeb0478ffc30bb4e87a.php 第 182 行.
INFO: Run Behavior\ParseTemplateBehavior [ RunTime:0.187645s ]
INFO: [ view_parse ] --END-- [ RunTime:0.187840s ]
INFO: [ view_filter ] --START--
INFO: Run Behavior\WriteHtmlCacheBehavior [ RunTime:0.000642s ]
INFO: [ view_filter ] --END-- [ RunTime:0.000826s ]
INFO: [ app_end ] --START--
INFO: Run Behavior\ShowPageTraceBehavior [ RunTime:0.000948s ]
INFO: [ app_end ] --END-- [ RunTime:0.001136s ]

[ 2017-03-09T22:58:05+08:00 ] ::1 /thinkp/index.php?m=admin&c=login&a=loginout
INFO: [ app_init ] --START--
INFO: Run Behavior\BuildLiteBehavior [ RunTime:0.000050s ]
INFO: [ app_init ] --END-- [ RunTime:0.000733s ]
INFO: [ app_begin ] --START--
INFO: Run Behavior\ReadHtmlCacheBehavior [ RunTime:0.000845s ]
INFO: [ app_begin ] --END-- [ RunTime:0.001066s ]
NOTIC: [8] Undefined variable: module D:\wamp\www\thinkp\ThinkPHP\Common\functions.php 第 990 行.
NOTIC: [8] Undefined variable: var D:\wamp\www\thinkp\ThinkPHP\Common\functions.php 第 990 行.
NOTIC: [2] array_reverse() expects parameter 1 to be array, null given D:\wamp\www\thinkp\ThinkPHP\Common\functions.php 第 990 行.
NOTIC: [2] http_build_query(): Parameter 1 expected to be Array or Object.  Incorrect value given D:\wamp\www\thinkp\ThinkPHP\Common\functions.php 第 990 行.

[ 2017-03-09T22:58:05+08:00 ] ::1 /thinkp/index.php?m=&&m=admin&c=login
INFO: [ app_init ] --START--
INFO: Run Behavior\BuildLiteBehavior [ RunTime:0.000044s ]
INFO: [ app_init ] --END-- [ RunTime:0.000666s ]
INFO: [ app_begin ] --START--
INFO: Run Behavior\ReadHtmlCacheBehavior [ RunTime:0.000804s ]
INFO: [ app_begin ] --END-- [ RunTime:0.001021s ]
INFO: [ view_parse ] --START--
INFO: [ template_filter ] --START--
INFO: Run Behavior\ContentReplaceBehavior [ RunTime:0.000116s ]
INFO: [ template_filter ] --END-- [ RunTime:0.000327s ]
INFO: Run Behavior\ParseTemplateBehavior [ RunTime:0.009936s ]
INFO: [ view_parse ] --END-- [ RunTime:0.010146s ]
INFO: [ view_filter ] --START--
INFO: Run Behavior\WriteHtmlCacheBehavior [ RunTime:0.000402s ]
INFO: [ view_filter ] --END-- [ RunTime:0.000586s ]
INFO: [ app_end ] --START--
INFO: Run Behavior\ShowPageTraceBehavior [ RunTime:0.000886s ]
INFO: [ app_end ] --END-- [ RunTime:0.001104s ]

[ 2017-03-09T23:07:37+08:00 ] ::1 /thinkp/index.php?m=&&m=admin&c=login
INFO: [ app_init ] --START--
INFO: Run Behavior\BuildLiteBehavior [ RunTime:0.000098s ]
INFO: [ app_init ] --END-- [ RunTime:0.026391s ]
INFO: [ app_begin ] --START--
INFO: Run Behavior\ReadHtmlCacheBehavior [ RunTime:0.042437s ]
INFO: [ app_begin ] --END-- [ RunTime:0.042973s ]
INFO: [ view_parse ] --START--
INFO: [ template_filter ] --START--
INFO: Run Behavior\ContentReplaceBehavior [ RunTime:0.000204s ]
INFO: [ template_filter ] --END-- [ RunTime:0.000567s ]
INFO: Run Behavior\ParseTemplateBehavior [ RunTime:0.242457s ]
INFO: [ view_parse ] --END-- [ RunTime:0.244448s ]
INFO: [ view_filter ] --START--
INFO: Run Behavior\WriteHtmlCacheBehavior [ RunTime:0.034175s ]
INFO: [ view_filter ] --END-- [ RunTime:0.034471s ]
INFO: [ app_end ] --START--
INFO: Run Behavior\ShowPageTraceBehavior [ RunTime:0.014815s ]
INFO: [ app_end ] --END-- [ RunTime:0.015116s ]

[ 2017-03-09T23:07:44+08:00 ] ::1 /thinkp/index.php?m=admin&c=login&a=check
INFO: [ app_init ] --START--
INFO: Run Behavior\BuildLiteBehavior [ RunTime:0.000085s ]
INFO: [ app_init ] --END-- [ RunTime:0.001482s ]
INFO: [ app_begin ] --START--
INFO: Run Behavior\ReadHtmlCacheBehavior [ RunTime:0.001072s ]
INFO: [ app_begin ] --END-- [ RunTime:0.001345s ]
SQL: SHOW COLUMNS FROM `cms_admin` [ RunTime:0.0394s ]
SQL: SELECT * FROM `cms_admin` WHERE ( username="admin" ) LIMIT 1   [ RunTime:0.0005s ]

[ 2017-03-09T23:07:46+08:00 ] ::1 /thinkp/index.php?m=admin&c=index
INFO: [ app_init ] --START--
INFO: Run Behavior\BuildLiteBehavior [ RunTime:0.000074s ]
INFO: [ app_init ] --END-- [ RunTime:0.001047s ]
INFO: [ app_begin ] --START--
INFO: Run Behavior\ReadHtmlCacheBehavior [ RunTime:0.000889s ]
INFO: [ app_begin ] --END-- [ RunTime:0.001116s ]
INFO: [ view_parse ] --START--
INFO: [ template_filter ] --START--
INFO: Run Behavior\ContentReplaceBehavior [ RunTime:0.000268s ]
INFO: [ template_filter ] --END-- [ RunTime:0.000613s ]
NOTIC: [2048] Declaration of Common\Model\MenuModel::find() should be compatible with Think\Model::find($options = Array) D:\wamp\www\thinkp\Application\Common\Model\MenuModel.class.php 第 10 行.
SQL: SHOW COLUMNS FROM `cms_menu` [ RunTime:0.0219s ]
SQL: SELECT * FROM `cms_menu` WHERE `status` <> -1 AND `type` = 1 ORDER BY menu_id desc  [ RunTime:0.0006s ]
NOTIC: [8] Undefined index: a D:\wamp\www\thinkp\Application\Common\Common\function.php 第 46 行.
NOTIC: [8] Undefined index: a D:\wamp\www\thinkp\Application\Common\Common\function.php 第 46 行.
NOTIC: [8] Undefined index: a D:\wamp\www\thinkp\Application\Common\Common\function.php 第 46 行.
NOTIC: [8] Undefined index: a D:\wamp\www\thinkp\Application\Common\Common\function.php 第 46 行.
NOTIC: [8] Undefined variable: admincount D:\wamp\www\thinkp\Application\Runtime\Cache\Admin\b595b808c2ebeeeb0478ffc30bb4e87a.php 第 116 行.
NOTIC: [8] Undefined variable: newscount D:\wamp\www\thinkp\Application\Runtime\Cache\Admin\b595b808c2ebeeeb0478ffc30bb4e87a.php 第 138 行.
NOTIC: [8] Undefined variable: news D:\wamp\www\thinkp\Application\Runtime\Cache\Admin\b595b808c2ebeeeb0478ffc30bb4e87a.php 第 160 行.
NOTIC: [8] Undefined variable: news D:\wamp\www\thinkp\Application\Runtime\Cache\Admin\b595b808c2ebeeeb0478ffc30bb4e87a.php 第 165 行.
NOTIC: [8] Undefined variable: news D:\wamp\www\thinkp\Application\Runtime\Cache\Admin\b595b808c2ebeeeb0478ffc30bb4e87a.php 第 169 行.
NOTIC: [8] Undefined variable: positioncount D:\wamp\www\thinkp\Application\Runtime\Cache\Admin\b595b808c2ebeeeb0478ffc30bb4e87a.php 第 182 行.
INFO: Run Behavior\ParseTemplateBehavior [ RunTime:0.271816s ]
INFO: [ view_parse ] --END-- [ RunTime:0.272158s ]
INFO: [ view_filter ] --START--
INFO: Run Behavior\WriteHtmlCacheBehavior [ RunTime:0.000706s ]
INFO: [ view_filter ] --END-- [ RunTime:0.001024s ]
INFO: [ app_end ] --START--
INFO: Run Behavior\ShowPageTraceBehavior [ RunTime:0.002456s ]
INFO: [ app_end ] --END-- [ RunTime:0.002798s ]

[ 2017-03-09T23:07:55+08:00 ] ::1 /thinkp/admin.php?c=content
INFO: [ app_init ] --START--
INFO: Run Behavior\BuildLiteBehavior [ RunTime:0.000046s ]
INFO: [ app_init ] --END-- [ RunTime:0.000738s ]
INFO: [ app_begin ] --START--
INFO: Run Behavior\ReadHtmlCacheBehavior [ RunTime:0.001220s ]
INFO: [ app_begin ] --END-- [ RunTime:0.001505s ]
NOTIC: [8] Undefined index: title D:\wamp\www\thinkp\Application\Admin\Controller\ContentController.class.php 第 14 行.
NOTIC: [8] Undefined index: catid D:\wamp\www\thinkp\Application\Admin\Controller\ContentController.class.php 第 18 行.
NOTIC: [8] Undefined index: p D:\wamp\www\thinkp\Application\Admin\Controller\ContentController.class.php 第 22 行.
NOTIC: [2048] Declaration of Common\Model\NewsModel::find() should be compatible with Think\Model::find($options = Array) D:\wamp\www\thinkp\Application\Common\Model\NewsModel.class.php 第 10 行.
SQL: SHOW COLUMNS FROM `cms_news` [ RunTime:0.0451s ]
SQL: SELECT * FROM `cms_news` WHERE `status` <> -1 ORDER BY listorder desc ,news_id desc LIMIT 0,10   [ RunTime:0.0023s ]
SQL: SELECT COUNT(*) AS tp_count FROM `cms_news` WHERE `status` <> -1 LIMIT 1   [ RunTime:0.0031s ]
NOTIC: [2048] Declaration of Common\Model\PositionModel::find() should be compatible with Think\Model::find($options = Array) D:\wamp\www\thinkp\Application\Common\Model\PositionModel.class.php 第 81 行.
SQL: SHOW COLUMNS FROM `cms_position` [ RunTime:0.0446s ]
SQL: SELECT * FROM `cms_position` WHERE `status` = 1 ORDER BY id  [ RunTime:0.0007s ]
NOTIC: [2048] Declaration of Common\Model\MenuModel::find() should be compatible with Think\Model::find($options = Array) D:\wamp\www\thinkp\Application\Common\Model\MenuModel.class.php 第 104 行.
SQL: SHOW COLUMNS FROM `cms_menu` [ RunTime:0.0159s ]
SQL: SELECT * FROM `cms_menu` WHERE `status` <> -1 AND `type` = 0 ORDER BY menu_id  [ RunTime:0.0005s ]
INFO: [ view_parse ] --START--
INFO: [ template_filter ] --START--
INFO: Run Behavior\ContentReplaceBehavior [ RunTime:0.000174s ]
INFO: [ template_filter ] --END-- [ RunTime:0.000378s ]
SQL: SELECT * FROM `cms_menu` WHERE `status` <> -1 AND `type` = 1 ORDER BY menu_id desc  [ RunTime:0.0008s ]
NOTIC: [8] Undefined index: a D:\wamp\www\thinkp\Application\Common\Common\function.php 第 46 行.
NOTIC: [8] Undefined index: a D:\wamp\www\thinkp\Application\Common\Common\function.php 第 46 行.
NOTIC: [8] Undefined index: a D:\wamp\www\thinkp\Application\Common\Common\function.php 第 46 行.
NOTIC: [8] Undefined index: a D:\wamp\www\thinkp\Application\Common\Common\function.php 第 46 行.
INFO: Run Behavior\ParseTemplateBehavior [ RunTime:0.259453s ]
INFO: [ view_parse ] --END-- [ RunTime:0.259744s ]
INFO: [ view_filter ] --START--
INFO: Run Behavior\WriteHtmlCacheBehavior [ RunTime:0.000953s ]
INFO: [ view_filter ] --END-- [ RunTime:0.001273s ]
INFO: [ app_end ] --START--
INFO: Run Behavior\ShowPageTraceBehavior [ RunTime:0.001289s ]
INFO: [ app_end ] --END-- [ RunTime:0.001561s ]

[ 2017-03-09T23:07:58+08:00 ] ::1 /thinkp/admin.php?c=content&a=add
INFO: [ app_init ] --START--
INFO: Run Behavior\BuildLiteBehavior [ RunTime:0.000044s ]
INFO: [ app_init ] --END-- [ RunTime:0.000701s ]
INFO: [ app_begin ] --START--
INFO: Run Behavior\ReadHtmlCacheBehavior [ RunTime:0.000913s ]
INFO: [ app_begin ] --END-- [ RunTime:0.001131s ]
NOTIC: [2048] Declaration of Common\Model\MenuModel::find() should be compatible with Think\Model::find($options = Array) D:\wamp\www\thinkp\Application\Common\Model\MenuModel.class.php 第 10 行.
SQL: SHOW COLUMNS FROM `cms_menu` [ RunTime:0.0275s ]
SQL: SELECT * FROM `cms_menu` WHERE `status` <> -1 AND `type` = 0 ORDER BY menu_id  [ RunTime:0.0005s ]
INFO: [ view_parse ] --START--
INFO: [ template_filter ] --START--
INFO: Run Behavior\ContentReplaceBehavior [ RunTime:0.000270s ]
INFO: [ template_filter ] --END-- [ RunTime:0.000610s ]
SQL: SELECT * FROM `cms_menu` WHERE `status` <> -1 AND `type` = 1 ORDER BY menu_id desc  [ RunTime:0.0006s ]
NOTIC: [8] Undefined index: a D:\wamp\www\thinkp\Application\Common\Common\function.php 第 46 行.
NOTIC: [8] Undefined index: a D:\wamp\www\thinkp\Application\Common\Common\function.php 第 46 行.
NOTIC: [8] Undefined index: a D:\wamp\www\thinkp\Application\Common\Common\function.php 第 46 行.
NOTIC: [8] Undefined index: a D:\wamp\www\thinkp\Application\Common\Common\function.php 第 46 行.
INFO: Run Behavior\ParseTemplateBehavior [ RunTime:0.246871s ]
INFO: [ view_parse ] --END-- [ RunTime:0.247294s ]
INFO: [ view_filter ] --START--
INFO: Run Behavior\WriteHtmlCacheBehavior [ RunTime:0.000444s ]
INFO: [ view_filter ] --END-- [ RunTime:0.000658s ]
INFO: [ app_end ] --START--
INFO: Run Behavior\ShowPageTraceBehavior [ RunTime:0.003020s ]
INFO: [ app_end ] --END-- [ RunTime:0.003379s ]

[ 2017-03-09T23:08:31+08:00 ] ::1 /thinkp/admin.php?c=menu
INFO: [ app_init ] --START--
INFO: Run Behavior\BuildLiteBehavior [ RunTime:0.000178s ]
INFO: [ app_init ] --END-- [ RunTime:0.001356s ]
INFO: [ app_begin ] --START--
INFO: Run Behavior\ReadHtmlCacheBehavior [ RunTime:0.001019s ]
INFO: [ app_begin ] --END-- [ RunTime:0.001243s ]
NOTIC: [8] Undefined index: p D:\wamp\www\thinkp\Application\Admin\Controller\MenuController.class.php 第 19 行.
NOTIC: [8] Undefined index: pageSize D:\wamp\www\thinkp\Application\Admin\Controller\MenuController.class.php 第 20 行.
NOTIC: [2048] Declaration of Common\Model\MenuModel::find() should be compatible with Think\Model::find($options = Array) D:\wamp\www\thinkp\Application\Common\Model\MenuModel.class.php 第 10 行.
SQL: SHOW COLUMNS FROM `cms_menu` [ RunTime:0.0138s ]
SQL: SELECT * FROM `cms_menu` WHERE `status` <> -1 ORDER BY menu_id desc LIMIT 0,5   [ RunTime:0.0005s ]
SQL: SELECT COUNT(*) AS tp_count FROM `cms_menu` WHERE `status` <> -1 LIMIT 1   [ RunTime:0.0003s ]
INFO: [ view_parse ] --START--
INFO: [ template_filter ] --START--
INFO: Run Behavior\ContentReplaceBehavior [ RunTime:0.000167s ]
INFO: [ template_filter ] --END-- [ RunTime:0.000378s ]
SQL: SELECT * FROM `cms_menu` WHERE `status` <> -1 AND `type` = 1 ORDER BY menu_id desc  [ RunTime:0.0008s ]
NOTIC: [8] Undefined index: a D:\wamp\www\thinkp\Application\Common\Common\function.php 第 46 行.
NOTIC: [8] Undefined index: a D:\wamp\www\thinkp\Application\Common\Common\function.php 第 46 行.
NOTIC: [8] Undefined index: a D:\wamp\www\thinkp\Application\Common\Common\function.php 第 46 行.
NOTIC: [8] Undefined index: a D:\wamp\www\thinkp\Application\Common\Common\function.php 第 46 行.
NOTIC: [8] Array to string conversion D:\wamp\www\thinkp\Application\Runtime\Cache\Admin\b956215329b6f9aca22277599a4efdfc.php 第 102 行.
NOTIC: [8] Undefined variable: type D:\wamp\www\thinkp\Application\Runtime\Cache\Admin\b956215329b6f9aca22277599a4efdfc.php 第 116 行.
NOTIC: [8] Undefined variable: type D:\wamp\www\thinkp\Application\Runtime\Cache\Admin\b956215329b6f9aca22277599a4efdfc.php 第 117 行.
INFO: Run Behavior\ParseTemplateBehavior [ RunTime:0.140116s ]
INFO: [ view_parse ] --END-- [ RunTime:0.140313s ]
INFO: [ view_filter ] --START--
INFO: Run Behavior\WriteHtmlCacheBehavior [ RunTime:0.000753s ]
INFO: [ view_filter ] --END-- [ RunTime:0.000981s ]
INFO: [ app_end ] --START--
INFO: Run Behavior\ShowPageTraceBehavior [ RunTime:0.001422s ]
INFO: [ app_end ] --END-- [ RunTime:0.001693s ]

[ 2017-03-09T23:11:14+08:00 ] ::1 /thinkp/admin.php?c=menu&a=add
INFO: [ app_init ] --START--
INFO: Run Behavior\BuildLiteBehavior [ RunTime:0.000285s ]
INFO: [ app_init ] --END-- [ RunTime:0.003138s ]
INFO: [ app_begin ] --START--
INFO: Run Behavior\ReadHtmlCacheBehavior [ RunTime:0.001002s ]
INFO: [ app_begin ] --END-- [ RunTime:0.001226s ]
INFO: [ view_parse ] --START--
INFO: [ template_filter ] --START--
INFO: Run Behavior\ContentReplaceBehavior [ RunTime:0.000154s ]
INFO: [ template_filter ] --END-- [ RunTime:0.000363s ]
NOTIC: [2048] Declaration of Common\Model\MenuModel::find() should be compatible with Think\Model::find($options = Array) D:\wamp\www\thinkp\Application\Common\Model\MenuModel.class.php 第 10 行.
SQL: SHOW COLUMNS FROM `cms_menu` [ RunTime:0.0136s ]
SQL: SELECT * FROM `cms_menu` WHERE `status` <> -1 AND `type` = 1 ORDER BY menu_id desc  [ RunTime:0.0006s ]
NOTIC: [8] Undefined index: a D:\wamp\www\thinkp\Application\Common\Common\function.php 第 46 行.
NOTIC: [8] Undefined index: a D:\wamp\www\thinkp\Application\Common\Common\function.php 第 46 行.
NOTIC: [8] Undefined index: a D:\wamp\www\thinkp\Application\Common\Common\function.php 第 46 行.
NOTIC: [8] Undefined index: a D:\wamp\www\thinkp\Application\Common\Common\function.php 第 46 行.
INFO: Run Behavior\ParseTemplateBehavior [ RunTime:0.223643s ]
INFO: [ view_parse ] --END-- [ RunTime:0.223905s ]
INFO: [ view_filter ] --START--
INFO: Run Behavior\WriteHtmlCacheBehavior [ RunTime:0.000629s ]
INFO: [ view_filter ] --END-- [ RunTime:0.000816s ]
INFO: [ app_end ] --START--
INFO: Run Behavior\ShowPageTraceBehavior [ RunTime:0.000962s ]
INFO: [ app_end ] --END-- [ RunTime:0.001158s ]

[ 2017-03-09T23:12:37+08:00 ] ::1 /thinkp/admin.php
INFO: [ app_init ] --START--
INFO: Run Behavior\BuildLiteBehavior [ RunTime:0.000232s ]
INFO: [ app_init ] --END-- [ RunTime:0.001507s ]
INFO: [ app_begin ] --START--
INFO: Run Behavior\ReadHtmlCacheBehavior [ RunTime:0.001344s ]
INFO: [ app_begin ] --END-- [ RunTime:0.001707s ]
INFO: [ view_parse ] --START--
INFO: [ template_filter ] --START--
INFO: Run Behavior\ContentReplaceBehavior [ RunTime:0.000174s ]
INFO: [ template_filter ] --END-- [ RunTime:0.000397s ]
NOTIC: [2048] Declaration of Common\Model\MenuModel::find() should be compatible with Think\Model::find($options = Array) D:\wamp\www\thinkp\Application\Common\Model\MenuModel.class.php 第 10 行.
SQL: SHOW COLUMNS FROM `cms_menu` [ RunTime:0.0333s ]
SQL: SELECT * FROM `cms_menu` WHERE `status` <> -1 AND `type` = 1 ORDER BY menu_id desc  [ RunTime:0.0007s ]
NOTIC: [8] Undefined index: a D:\wamp\www\thinkp\Application\Common\Common\function.php 第 46 行.
NOTIC: [8] Undefined index: a D:\wamp\www\thinkp\Application\Common\Common\function.php 第 46 行.
NOTIC: [8] Undefined index: a D:\wamp\www\thinkp\Application\Common\Common\function.php 第 46 行.
NOTIC: [8] Undefined index: a D:\wamp\www\thinkp\Application\Common\Common\function.php 第 46 行.
NOTIC: [8] Undefined variable: admincount D:\wamp\www\thinkp\Application\Runtime\Cache\Admin\b595b808c2ebeeeb0478ffc30bb4e87a.php 第 116 行.
NOTIC: [8] Undefined variable: newscount D:\wamp\www\thinkp\Application\Runtime\Cache\Admin\b595b808c2ebeeeb0478ffc30bb4e87a.php 第 138 行.
NOTIC: [8] Undefined variable: news D:\wamp\www\thinkp\Application\Runtime\Cache\Admin\b595b808c2ebeeeb0478ffc30bb4e87a.php 第 160 行.
NOTIC: [8] Undefined variable: news D:\wamp\www\thinkp\Application\Runtime\Cache\Admin\b595b808c2ebeeeb0478ffc30bb4e87a.php 第 165 行.
NOTIC: [8] Undefined variable: news D:\wamp\www\thinkp\Application\Runtime\Cache\Admin\b595b808c2ebeeeb0478ffc30bb4e87a.php 第 169 行.
NOTIC: [8] Undefined variable: positioncount D:\wamp\www\thinkp\Application\Runtime\Cache\Admin\b595b808c2ebeeeb0478ffc30bb4e87a.php 第 182 行.
INFO: Run Behavior\ParseTemplateBehavior [ RunTime:0.184649s ]
INFO: [ view_parse ] --END-- [ RunTime:0.184921s ]
INFO: [ view_filter ] --START--
INFO: Run Behavior\WriteHtmlCacheBehavior [ RunTime:0.000688s ]
INFO: [ view_filter ] --END-- [ RunTime:0.000952s ]
INFO: [ app_end ] --START--
INFO: Run Behavior\ShowPageTraceBehavior [ RunTime:0.001075s ]
INFO: [ app_end ] --END-- [ RunTime:0.001321s ]

[ 2017-03-09T23:12:38+08:00 ] ::1 /thinkp/admin.php?c=menu
INFO: [ app_init ] --START--
INFO: Run Behavior\BuildLiteBehavior [ RunTime:0.000050s ]
INFO: [ app_init ] --END-- [ RunTime:0.001043s ]
INFO: [ app_begin ] --START--
INFO: Run Behavior\ReadHtmlCacheBehavior [ RunTime:0.002242s ]
INFO: [ app_begin ] --END-- [ RunTime:0.002527s ]
NOTIC: [8] Undefined index: p D:\wamp\www\thinkp\Application\Admin\Controller\MenuController.class.php 第 19 行.
NOTIC: [8] Undefined index: pageSize D:\wamp\www\thinkp\Application\Admin\Controller\MenuController.class.php 第 20 行.
NOTIC: [2048] Declaration of Common\Model\MenuModel::find() should be compatible with Think\Model::find($options = Array) D:\wamp\www\thinkp\Application\Common\Model\MenuModel.class.php 第 10 行.
SQL: SHOW COLUMNS FROM `cms_menu` [ RunTime:0.0292s ]
SQL: SELECT * FROM `cms_menu` WHERE `status` <> -1 ORDER BY menu_id desc LIMIT 0,5   [ RunTime:0.0005s ]
SQL: SELECT COUNT(*) AS tp_count FROM `cms_menu` WHERE `status` <> -1 LIMIT 1   [ RunTime:0.0003s ]
INFO: [ view_parse ] --START--
INFO: [ template_filter ] --START--
INFO: Run Behavior\ContentReplaceBehavior [ RunTime:0.000284s ]
INFO: [ template_filter ] --END-- [ RunTime:0.000649s ]
SQL: SELECT * FROM `cms_menu` WHERE `status` <> -1 AND `type` = 1 ORDER BY menu_id desc  [ RunTime:0.0006s ]
NOTIC: [8] Undefined index: a D:\wamp\www\thinkp\Application\Common\Common\function.php 第 46 行.
NOTIC: [8] Undefined index: a D:\wamp\www\thinkp\Application\Common\Common\function.php 第 46 行.
NOTIC: [8] Undefined index: a D:\wamp\www\thinkp\Application\Common\Common\function.php 第 46 行.
NOTIC: [8] Undefined index: a D:\wamp\www\thinkp\Application\Common\Common\function.php 第 46 行.
NOTIC: [8] Array to string conversion D:\wamp\www\thinkp\Application\Runtime\Cache\Admin\b956215329b6f9aca22277599a4efdfc.php 第 102 行.
NOTIC: [8] Undefined variable: type D:\wamp\www\thinkp\Application\Runtime\Cache\Admin\b956215329b6f9aca22277599a4efdfc.php 第 116 行.
NOTIC: [8] Undefined variable: type D:\wamp\www\thinkp\Application\Runtime\Cache\Admin\b956215329b6f9aca22277599a4efdfc.php 第 117 行.
INFO: Run Behavior\ParseTemplateBehavior [ RunTime:0.139677s ]
INFO: [ view_parse ] --END-- [ RunTime:0.139948s ]
INFO: [ view_filter ] --START--
INFO: Run Behavior\WriteHtmlCacheBehavior [ RunTime:0.000661s ]
INFO: [ view_filter ] --END-- [ RunTime:0.000907s ]
INFO: [ app_end ] --START--
INFO: Run Behavior\ShowPageTraceBehavior [ RunTime:0.000880s ]
INFO: [ app_end ] --END-- [ RunTime:0.001070s ]

[ 2017-03-09T23:33:14+08:00 ] ::1 /thinkp/admin.php?c=menu&a=edit&id=52
INFO: [ app_init ] --START--
INFO: Run Behavior\BuildLiteBehavior [ RunTime:0.000045s ]
INFO: [ app_init ] --END-- [ RunTime:0.000753s ]
INFO: [ app_begin ] --START--
INFO: Run Behavior\ReadHtmlCacheBehavior [ RunTime:0.001082s ]
INFO: [ app_begin ] --END-- [ RunTime:0.001299s ]
NOTIC: [2048] Declaration of Common\Model\MenuModel::find() should be compatible with Think\Model::find($options = Array) D:\wamp\www\thinkp\Application\Common\Model\MenuModel.class.php 第 10 行.
SQL: SHOW COLUMNS FROM `cms_menu` [ RunTime:0.0409s ]
SQL: SELECT * FROM `cms_menu` WHERE ( menu_id=52 ) LIMIT 1   [ RunTime:0.0005s ]
INFO: [ view_parse ] --START--
INFO: [ template_filter ] --START--
INFO: Run Behavior\ContentReplaceBehavior [ RunTime:0.000161s ]
INFO: [ template_filter ] --END-- [ RunTime:0.000368s ]
SQL: SELECT * FROM `cms_menu` WHERE `status` <> -1 AND `type` = 1 ORDER BY menu_id desc  [ RunTime:0.0006s ]
NOTIC: [8] Undefined index: a D:\wamp\www\thinkp\Application\Common\Common\function.php 第 46 行.
NOTIC: [8] Undefined index: a D:\wamp\www\thinkp\Application\Common\Common\function.php 第 46 行.
NOTIC: [8] Undefined index: a D:\wamp\www\thinkp\Application\Common\Common\function.php 第 46 行.
NOTIC: [8] Undefined index: a D:\wamp\www\thinkp\Application\Common\Common\function.php 第 46 行.
INFO: Run Behavior\ParseTemplateBehavior [ RunTime:0.174047s ]
INFO: [ view_parse ] --END-- [ RunTime:0.174475s ]
INFO: [ view_filter ] --START--
INFO: Run Behavior\WriteHtmlCacheBehavior [ RunTime:0.001362s ]
INFO: [ view_filter ] --END-- [ RunTime:0.001638s ]
INFO: [ app_end ] --START--
INFO: Run Behavior\ShowPageTraceBehavior [ RunTime:0.001091s ]
INFO: [ app_end ] --END-- [ RunTime:0.001300s ]

[ 2017-03-09T23:33:51+08:00 ] ::1 /thinkp/admin.php?c=menu&a=edit&id=52
INFO: [ app_init ] --START--
INFO: Run Behavior\BuildLiteBehavior [ RunTime:0.000049s ]
INFO: [ app_init ] --END-- [ RunTime:0.001097s ]
INFO: [ app_begin ] --START--
INFO: Run Behavior\ReadHtmlCacheBehavior [ RunTime:0.001060s ]
INFO: [ app_begin ] --END-- [ RunTime:0.001284s ]
NOTIC: [2048] Declaration of Common\Model\MenuModel::find() should be compatible with Think\Model::find($options = Array) D:\wamp\www\thinkp\Application\Common\Model\MenuModel.class.php 第 10 行.
SQL: SHOW COLUMNS FROM `cms_menu` [ RunTime:0.0288s ]
SQL: SELECT * FROM `cms_menu` WHERE ( menu_id=52 ) LIMIT 1   [ RunTime:0.0004s ]
INFO: [ view_parse ] --START--
INFO: [ template_filter ] --START--
INFO: Run Behavior\ContentReplaceBehavior [ RunTime:0.000260s ]
INFO: [ template_filter ] --END-- [ RunTime:0.000679s ]
SQL: SELECT * FROM `cms_menu` WHERE `status` <> -1 AND `type` = 1 ORDER BY menu_id desc  [ RunTime:0.0006s ]
NOTIC: [8] Undefined index: a D:\wamp\www\thinkp\Application\Common\Common\function.php 第 46 行.
NOTIC: [8] Undefined index: a D:\wamp\www\thinkp\Application\Common\Common\function.php 第 46 行.
NOTIC: [8] Undefined index: a D:\wamp\www\thinkp\Application\Common\Common\function.php 第 46 行.
NOTIC: [8] Undefined index: a D:\wamp\www\thinkp\Application\Common\Common\function.php 第 46 行.
INFO: Run Behavior\ParseTemplateBehavior [ RunTime:0.026791s ]
INFO: [ view_parse ] --END-- [ RunTime:0.026999s ]
INFO: [ view_filter ] --START--
INFO: Run Behavior\WriteHtmlCacheBehavior [ RunTime:0.000881s ]
INFO: [ view_filter ] --END-- [ RunTime:0.001076s ]
INFO: [ app_end ] --START--
INFO: Run Behavior\ShowPageTraceBehavior [ RunTime:0.001099s ]
INFO: [ app_end ] --END-- [ RunTime:0.001298s ]

[ 2017-03-09T23:40:13+08:00 ] ::1 /thinkp/admin.php?c=content
INFO: [ app_init ] --START--
INFO: Run Behavior\BuildLiteBehavior [ RunTime:0.000046s ]
INFO: [ app_init ] --END-- [ RunTime:0.000767s ]
INFO: [ app_begin ] --START--
INFO: Run Behavior\ReadHtmlCacheBehavior [ RunTime:0.007575s ]
INFO: [ app_begin ] --END-- [ RunTime:0.008038s ]
NOTIC: [8] Undefined index: title D:\wamp\www\thinkp\Application\Admin\Controller\ContentController.class.php 第 14 行.
NOTIC: [8] Undefined index: catid D:\wamp\www\thinkp\Application\Admin\Controller\ContentController.class.php 第 18 行.
NOTIC: [8] Undefined index: p D:\wamp\www\thinkp\Application\Admin\Controller\ContentController.class.php 第 22 行.
NOTIC: [2048] Declaration of Common\Model\NewsModel::find() should be compatible with Think\Model::find($options = Array) D:\wamp\www\thinkp\Application\Common\Model\NewsModel.class.php 第 10 行.
SQL: SHOW COLUMNS FROM `cms_news` [ RunTime:0.0462s ]
SQL: SELECT * FROM `cms_news` WHERE `status` <> -1 ORDER BY listorder desc ,news_id desc LIMIT 0,10   [ RunTime:0.0016s ]
SQL: SELECT COUNT(*) AS tp_count FROM `cms_news` WHERE `status` <> -1 LIMIT 1   [ RunTime:0.0007s ]
NOTIC: [2048] Declaration of Common\Model\PositionModel::find() should be compatible with Think\Model::find($options = Array) D:\wamp\www\thinkp\Application\Common\Model\PositionModel.class.php 第 81 行.
SQL: SHOW COLUMNS FROM `cms_position` [ RunTime:0.0298s ]
SQL: SELECT * FROM `cms_position` WHERE `status` = 1 ORDER BY id  [ RunTime:0.0004s ]
NOTIC: [2048] Declaration of Common\Model\MenuModel::find() should be compatible with Think\Model::find($options = Array) D:\wamp\www\thinkp\Application\Common\Model\MenuModel.class.php 第 104 行.
SQL: SHOW COLUMNS FROM `cms_menu` [ RunTime:0.0117s ]
SQL: SELECT * FROM `cms_menu` WHERE `status` <> -1 AND `type` = 0 ORDER BY menu_id  [ RunTime:0.0005s ]
INFO: [ view_parse ] --START--
INFO: [ template_filter ] --START--
INFO: Run Behavior\ContentReplaceBehavior [ RunTime:0.000180s ]
INFO: [ template_filter ] --END-- [ RunTime:0.000396s ]
SQL: SELECT * FROM `cms_menu` WHERE `status` <> -1 AND `type` = 1 ORDER BY menu_id desc  [ RunTime:0.0006s ]
NOTIC: [8] Undefined index: a D:\wamp\www\thinkp\Application\Common\Common\function.php 第 46 行.
NOTIC: [8] Undefined index: a D:\wamp\www\thinkp\Application\Common\Common\function.php 第 46 行.
NOTIC: [8] Undefined index: a D:\wamp\www\thinkp\Application\Common\Common\function.php 第 46 行.
NOTIC: [8] Undefined index: a D:\wamp\www\thinkp\Application\Common\Common\function.php 第 46 行.
INFO: Run Behavior\ParseTemplateBehavior [ RunTime:0.264093s ]
INFO: [ view_parse ] --END-- [ RunTime:0.264296s ]
INFO: [ view_filter ] --START--
INFO: Run Behavior\WriteHtmlCacheBehavior [ RunTime:0.000689s ]
INFO: [ view_filter ] --END-- [ RunTime:0.000876s ]
INFO: [ app_end ] --START--
INFO: Run Behavior\ShowPageTraceBehavior [ RunTime:0.001078s ]
INFO: [ app_end ] --END-- [ RunTime:0.001270s ]

[ 2017-03-09T23:40:17+08:00 ] ::1 /thinkp/admin.php?c=menu
INFO: [ app_init ] --START--
INFO: Run Behavior\BuildLiteBehavior [ RunTime:0.000051s ]
INFO: [ app_init ] --END-- [ RunTime:0.001408s ]
INFO: [ app_begin ] --START--
INFO: Run Behavior\ReadHtmlCacheBehavior [ RunTime:0.001087s ]
INFO: [ app_begin ] --END-- [ RunTime:0.001307s ]
NOTIC: [8] Undefined index: p D:\wamp\www\thinkp\Application\Admin\Controller\MenuController.class.php 第 19 行.
NOTIC: [8] Undefined index: pageSize D:\wamp\www\thinkp\Application\Admin\Controller\MenuController.class.php 第 20 行.
NOTIC: [2048] Declaration of Common\Model\MenuModel::find() should be compatible with Think\Model::find($options = Array) D:\wamp\www\thinkp\Application\Common\Model\MenuModel.class.php 第 10 行.
SQL: SHOW COLUMNS FROM `cms_menu` [ RunTime:0.0397s ]
SQL: SELECT * FROM `cms_menu` WHERE `status` <> -1 ORDER BY menu_id desc LIMIT 0,5   [ RunTime:0.0007s ]
SQL: SELECT COUNT(*) AS tp_count FROM `cms_menu` WHERE `status` <> -1 LIMIT 1   [ RunTime:0.0006s ]
INFO: [ view_parse ] --START--
INFO: [ template_filter ] --START--
INFO: Run Behavior\ContentReplaceBehavior [ RunTime:0.000167s ]
INFO: [ template_filter ] --END-- [ RunTime:0.000372s ]
SQL: SELECT * FROM `cms_menu` WHERE `status` <> -1 AND `type` = 1 ORDER BY menu_id desc  [ RunTime:0.0006s ]
NOTIC: [8] Undefined index: a D:\wamp\www\thinkp\Application\Common\Common\function.php 第 46 行.
NOTIC: [8] Undefined index: a D:\wamp\www\thinkp\Application\Common\Common\function.php 第 46 行.
NOTIC: [8] Undefined index: a D:\wamp\www\thinkp\Application\Common\Common\function.php 第 46 行.
NOTIC: [8] Undefined index: a D:\wamp\www\thinkp\Application\Common\Common\function.php 第 46 行.
NOTIC: [8] Array to string conversion D:\wamp\www\thinkp\Application\Runtime\Cache\Admin\b956215329b6f9aca22277599a4efdfc.php 第 102 行.
NOTIC: [8] Undefined variable: type D:\wamp\www\thinkp\Application\Runtime\Cache\Admin\b956215329b6f9aca22277599a4efdfc.php 第 116 行.
NOTIC: [8] Undefined variable: type D:\wamp\www\thinkp\Application\Runtime\Cache\Admin\b956215329b6f9aca22277599a4efdfc.php 第 117 行.
INFO: Run Behavior\ParseTemplateBehavior [ RunTime:0.177573s ]
INFO: [ view_parse ] --END-- [ RunTime:0.177843s ]
INFO: [ view_filter ] --START--
INFO: Run Behavior\WriteHtmlCacheBehavior [ RunTime:0.000731s ]
INFO: [ view_filter ] --END-- [ RunTime:0.000918s ]
INFO: [ app_end ] --START--
INFO: Run Behavior\ShowPageTraceBehavior [ RunTime:0.001056s ]
INFO: [ app_end ] --END-- [ RunTime:0.001248s ]

[ 2017-03-09T23:40:18+08:00 ] ::1 /thinkp/admin.php?c=position
INFO: [ app_init ] --START--
INFO: Run Behavior\BuildLiteBehavior [ RunTime:0.000197s ]
INFO: [ app_init ] --END-- [ RunTime:0.001608s ]
INFO: [ app_begin ] --START--
INFO: Run Behavior\ReadHtmlCacheBehavior [ RunTime:0.001130s ]
INFO: [ app_begin ] --END-- [ RunTime:0.001348s ]
NOTIC: [2048] Declaration of Common\Model\PositionModel::find() should be compatible with Think\Model::find($options = Array) D:\wamp\www\thinkp\Application\Common\Model\PositionModel.class.php 第 9 行.
SQL: SHOW COLUMNS FROM `cms_position` [ RunTime:0.0182s ]
SQL: SELECT * FROM `cms_position` WHERE `status` <> -1 ORDER BY id  [ RunTime:0.0005s ]
INFO: [ view_parse ] --START--
INFO: [ template_filter ] --START--
INFO: Run Behavior\ContentReplaceBehavior [ RunTime:0.000168s ]
INFO: [ template_filter ] --END-- [ RunTime:0.000443s ]
NOTIC: [2048] Declaration of Common\Model\MenuModel::find() should be compatible with Think\Model::find($options = Array) D:\wamp\www\thinkp\Application\Common\Model\MenuModel.class.php 第 104 行.
SQL: SHOW COLUMNS FROM `cms_menu` [ RunTime:0.0134s ]
SQL: SELECT * FROM `cms_menu` WHERE `status` <> -1 AND `type` = 1 ORDER BY menu_id desc  [ RunTime:0.0006s ]
NOTIC: [8] Undefined index: a D:\wamp\www\thinkp\Application\Common\Common\function.php 第 46 行.
NOTIC: [8] Undefined index: a D:\wamp\www\thinkp\Application\Common\Common\function.php 第 46 行.
NOTIC: [8] Undefined index: a D:\wamp\www\thinkp\Application\Common\Common\function.php 第 46 行.
NOTIC: [8] Undefined index: a D:\wamp\www\thinkp\Application\Common\Common\function.php 第 46 行.
NOTIC: [8] Array to string conversion D:\wamp\www\thinkp\Application\Runtime\Cache\Admin\3a437f75b5b60a521a3ad0fc93a5ab5f.php 第 97 行.
INFO: Run Behavior\ParseTemplateBehavior [ RunTime:0.172713s ]
INFO: [ view_parse ] --END-- [ RunTime:0.173122s ]
INFO: [ view_filter ] --START--
INFO: Run Behavior\WriteHtmlCacheBehavior [ RunTime:0.001099s ]
INFO: [ view_filter ] --END-- [ RunTime:0.001386s ]
INFO: [ app_end ] --START--
INFO: Run Behavior\ShowPageTraceBehavior [ RunTime:0.001153s ]
INFO: [ app_end ] --END-- [ RunTime:0.001360s ]

[ 2017-03-09T23:42:07+08:00 ] ::1 /thinkp/admin.php?c=positioncontent
INFO: [ app_init ] --START--
INFO: Run Behavior\BuildLiteBehavior [ RunTime:0.000078s ]
INFO: [ app_init ] --END-- [ RunTime:0.001852s ]
INFO: [ app_begin ] --START--
INFO: Run Behavior\ReadHtmlCacheBehavior [ RunTime:0.001230s ]
INFO: [ app_begin ] --END-- [ RunTime:0.001442s ]
NOTIC: [2048] Declaration of Common\Model\PositionModel::find() should be compatible with Think\Model::find($options = Array) D:\wamp\www\thinkp\Application\Common\Model\PositionModel.class.php 第 9 行.
SQL: SHOW COLUMNS FROM `cms_position` [ RunTime:0.0330s ]
SQL: SELECT * FROM `cms_position` WHERE `status` = 1 ORDER BY id  [ RunTime:0.0005s ]
NOTIC: [8] Undefined index: title D:\wamp\www\thinkp\Application\Admin\Controller\PositioncontentController.class.php 第 14 行.
NOTIC: [8] Undefined index: position_id D:\wamp\www\thinkp\Application\Admin\Controller\PositioncontentController.class.php 第 18 行.
SQL: SHOW COLUMNS FROM `cms_position_content` [ RunTime:0.0387s ]
SQL: SELECT * FROM `cms_position_content`  [ RunTime:0.0003s ]
INFO: [ view_parse ] --START--
INFO: [ template_filter ] --START--
INFO: Run Behavior\ContentReplaceBehavior [ RunTime:0.000171s ]
INFO: [ template_filter ] --END-- [ RunTime:0.000392s ]
NOTIC: [2048] Declaration of Common\Model\MenuModel::find() should be compatible with Think\Model::find($options = Array) D:\wamp\www\thinkp\Application\Common\Model\MenuModel.class.php 第 104 行.
SQL: SHOW COLUMNS FROM `cms_menu` [ RunTime:0.0199s ]
SQL: SELECT * FROM `cms_menu` WHERE `status` <> -1 AND `type` = 1 ORDER BY menu_id desc  [ RunTime:0.0005s ]
NOTIC: [8] Undefined index: a D:\wamp\www\thinkp\Application\Common\Common\function.php 第 46 行.
NOTIC: [8] Undefined index: a D:\wamp\www\thinkp\Application\Common\Common\function.php 第 46 行.
NOTIC: [8] Undefined index: a D:\wamp\www\thinkp\Application\Common\Common\function.php 第 46 行.
NOTIC: [8] Undefined index: a D:\wamp\www\thinkp\Application\Common\Common\function.php 第 46 行.
NOTIC: [8] Undefined variable: title D:\wamp\www\thinkp\Application\Runtime\Cache\Admin\b8a8b9d170e6c07d7b463ea02385894d.php 第 121 行.
INFO: Run Behavior\ParseTemplateBehavior [ RunTime:0.267169s ]
INFO: [ view_parse ] --END-- [ RunTime:0.267453s ]
INFO: [ view_filter ] --START--
INFO: Run Behavior\WriteHtmlCacheBehavior [ RunTime:0.001004s ]
INFO: [ view_filter ] --END-- [ RunTime:0.001330s ]
INFO: [ app_end ] --START--
INFO: Run Behavior\ShowPageTraceBehavior [ RunTime:0.003173s ]
INFO: [ app_end ] --END-- [ RunTime:0.003499s ]

[ 2017-03-09T23:42:09+08:00 ] ::1 /thinkp/admin.php?c=position
INFO: [ app_init ] --START--
INFO: Run Behavior\BuildLiteBehavior [ RunTime:0.000047s ]
INFO: [ app_init ] --END-- [ RunTime:0.000707s ]
INFO: [ app_begin ] --START--
INFO: Run Behavior\ReadHtmlCacheBehavior [ RunTime:0.001328s ]
INFO: [ app_begin ] --END-- [ RunTime:0.001623s ]
NOTIC: [2048] Declaration of Common\Model\PositionModel::find() should be compatible with Think\Model::find($options = Array) D:\wamp\www\thinkp\Application\Common\Model\PositionModel.class.php 第 9 行.
SQL: SHOW COLUMNS FROM `cms_position` [ RunTime:0.0318s ]
SQL: SELECT * FROM `cms_position` WHERE `status` <> -1 ORDER BY id  [ RunTime:0.0005s ]
INFO: [ view_parse ] --START--
INFO: [ template_filter ] --START--
INFO: Run Behavior\ContentReplaceBehavior [ RunTime:0.000169s ]
INFO: [ template_filter ] --END-- [ RunTime:0.000389s ]
NOTIC: [2048] Declaration of Common\Model\MenuModel::find() should be compatible with Think\Model::find($options = Array) D:\wamp\www\thinkp\Application\Common\Model\MenuModel.class.php 第 104 行.
SQL: SHOW COLUMNS FROM `cms_menu` [ RunTime:0.0135s ]
SQL: SELECT * FROM `cms_menu` WHERE `status` <> -1 AND `type` = 1 ORDER BY menu_id desc  [ RunTime:0.0006s ]
NOTIC: [8] Undefined index: a D:\wamp\www\thinkp\Application\Common\Common\function.php 第 46 行.
NOTIC: [8] Undefined index: a D:\wamp\www\thinkp\Application\Common\Common\function.php 第 46 行.
NOTIC: [8] Undefined index: a D:\wamp\www\thinkp\Application\Common\Common\function.php 第 46 行.
NOTIC: [8] Undefined index: a D:\wamp\www\thinkp\Application\Common\Common\function.php 第 46 行.
NOTIC: [8] Array to string conversion D:\wamp\www\thinkp\Application\Runtime\Cache\Admin\3a437f75b5b60a521a3ad0fc93a5ab5f.php 第 97 行.
INFO: Run Behavior\ParseTemplateBehavior [ RunTime:0.044226s ]
INFO: [ view_parse ] --END-- [ RunTime:0.044432s ]
INFO: [ view_filter ] --START--
INFO: Run Behavior\WriteHtmlCacheBehavior [ RunTime:0.000731s ]
INFO: [ view_filter ] --END-- [ RunTime:0.000921s ]
INFO: [ app_end ] --START--
INFO: Run Behavior\ShowPageTraceBehavior [ RunTime:0.001101s ]
INFO: [ app_end ] --END-- [ RunTime:0.001339s ]

[ 2017-03-09T23:42:11+08:00 ] ::1 /thinkp/admin.php?c=positioncontent
INFO: [ app_init ] --START--
INFO: Run Behavior\BuildLiteBehavior [ RunTime:0.000047s ]
INFO: [ app_init ] --END-- [ RunTime:0.000742s ]
INFO: [ app_begin ] --START--
INFO: Run Behavior\ReadHtmlCacheBehavior [ RunTime:0.001279s ]
INFO: [ app_begin ] --END-- [ RunTime:0.001487s ]
NOTIC: [2048] Declaration of Common\Model\PositionModel::find() should be compatible with Think\Model::find($options = Array) D:\wamp\www\thinkp\Application\Common\Model\PositionModel.class.php 第 9 行.
SQL: SHOW COLUMNS FROM `cms_position` [ RunTime:0.0161s ]
SQL: SELECT * FROM `cms_position` WHERE `status` = 1 ORDER BY id  [ RunTime:0.0007s ]
NOTIC: [8] Undefined index: title D:\wamp\www\thinkp\Application\Admin\Controller\PositioncontentController.class.php 第 14 行.
NOTIC: [8] Undefined index: position_id D:\wamp\www\thinkp\Application\Admin\Controller\PositioncontentController.class.php 第 18 行.
SQL: SHOW COLUMNS FROM `cms_position_content` [ RunTime:0.0211s ]
SQL: SELECT * FROM `cms_position_content`  [ RunTime:0.0005s ]
INFO: [ view_parse ] --START--
INFO: [ template_filter ] --START--
INFO: Run Behavior\ContentReplaceBehavior [ RunTime:0.000280s ]
INFO: [ template_filter ] --END-- [ RunTime:0.000699s ]
NOTIC: [2048] Declaration of Common\Model\MenuModel::find() should be compatible with Think\Model::find($options = Array) D:\wamp\www\thinkp\Application\Common\Model\MenuModel.class.php 第 104 行.
SQL: SHOW COLUMNS FROM `cms_menu` [ RunTime:0.0221s ]
SQL: SELECT * FROM `cms_menu` WHERE `status` <> -1 AND `type` = 1 ORDER BY menu_id desc  [ RunTime:0.0005s ]
NOTIC: [8] Undefined index: a D:\wamp\www\thinkp\Application\Common\Common\function.php 第 46 行.
NOTIC: [8] Undefined index: a D:\wamp\www\thinkp\Application\Common\Common\function.php 第 46 行.
NOTIC: [8] Undefined index: a D:\wamp\www\thinkp\Application\Common\Common\function.php 第 46 行.
NOTIC: [8] Undefined index: a D:\wamp\www\thinkp\Application\Common\Common\function.php 第 46 行.
NOTIC: [8] Undefined variable: title D:\wamp\www\thinkp\Application\Runtime\Cache\Admin\b8a8b9d170e6c07d7b463ea02385894d.php 第 121 行.
INFO: Run Behavior\ParseTemplateBehavior [ RunTime:0.256815s ]
INFO: [ view_parse ] --END-- [ RunTime:0.257088s ]
INFO: [ view_filter ] --START--
INFO: Run Behavior\WriteHtmlCacheBehavior [ RunTime:0.000809s ]
INFO: [ view_filter ] --END-- [ RunTime:0.000998s ]
INFO: [ app_end ] --START--
INFO: Run Behavior\ShowPageTraceBehavior [ RunTime:0.001057s ]
INFO: [ app_end ] --END-- [ RunTime:0.001251s ]

[ 2017-03-09T23:42:13+08:00 ] ::1 /thinkp/admin.php?c=position
INFO: [ app_init ] --START--
INFO: Run Behavior\BuildLiteBehavior [ RunTime:0.000131s ]
INFO: [ app_init ] --END-- [ RunTime:0.002032s ]
INFO: [ app_begin ] --START--
INFO: Run Behavior\ReadHtmlCacheBehavior [ RunTime:0.001097s ]
INFO: [ app_begin ] --END-- [ RunTime:0.001312s ]
NOTIC: [2048] Declaration of Common\Model\PositionModel::find() should be compatible with Think\Model::find($options = Array) D:\wamp\www\thinkp\Application\Common\Model\PositionModel.class.php 第 9 行.
SQL: SHOW COLUMNS FROM `cms_position` [ RunTime:0.0389s ]
SQL: SELECT * FROM `cms_position` WHERE `status` <> -1 ORDER BY id  [ RunTime:0.0007s ]
INFO: [ view_parse ] --START--
INFO: [ template_filter ] --START--
INFO: Run Behavior\ContentReplaceBehavior [ RunTime:0.000165s ]
INFO: [ template_filter ] --END-- [ RunTime:0.000382s ]
NOTIC: [2048] Declaration of Common\Model\MenuModel::find() should be compatible with Think\Model::find($options = Array) D:\wamp\www\thinkp\Application\Common\Model\MenuModel.class.php 第 104 行.
SQL: SHOW COLUMNS FROM `cms_menu` [ RunTime:0.0276s ]
SQL: SELECT * FROM `cms_menu` WHERE `status` <> -1 AND `type` = 1 ORDER BY menu_id desc  [ RunTime:0.0005s ]
NOTIC: [8] Undefined index: a D:\wamp\www\thinkp\Application\Common\Common\function.php 第 46 行.
NOTIC: [8] Undefined index: a D:\wamp\www\thinkp\Application\Common\Common\function.php 第 46 行.
NOTIC: [8] Undefined index: a D:\wamp\www\thinkp\Application\Common\Common\function.php 第 46 行.
NOTIC: [8] Undefined index: a D:\wamp\www\thinkp\Application\Common\Common\function.php 第 46 行.
NOTIC: [8] Array to string conversion D:\wamp\www\thinkp\Application\Runtime\Cache\Admin\3a437f75b5b60a521a3ad0fc93a5ab5f.php 第 97 行.
INFO: Run Behavior\ParseTemplateBehavior [ RunTime:0.076387s ]
INFO: [ view_parse ] --END-- [ RunTime:0.076657s ]
INFO: [ view_filter ] --START--
INFO: Run Behavior\WriteHtmlCacheBehavior [ RunTime:0.000719s ]
INFO: [ view_filter ] --END-- [ RunTime:0.000908s ]
INFO: [ app_end ] --START--
INFO: Run Behavior\ShowPageTraceBehavior [ RunTime:0.001096s ]
INFO: [ app_end ] --END-- [ RunTime:0.001293s ]

[ 2017-03-09T23:42:15+08:00 ] ::1 /thinkp/admin.php?c=content
INFO: [ app_init ] --START--
INFO: Run Behavior\BuildLiteBehavior [ RunTime:0.000068s ]
INFO: [ app_init ] --END-- [ RunTime:0.000960s ]
INFO: [ app_begin ] --START--
INFO: Run Behavior\ReadHtmlCacheBehavior [ RunTime:0.001593s ]
INFO: [ app_begin ] --END-- [ RunTime:0.001905s ]
NOTIC: [8] Undefined index: title D:\wamp\www\thinkp\Application\Admin\Controller\ContentController.class.php 第 14 行.
NOTIC: [8] Undefined index: catid D:\wamp\www\thinkp\Application\Admin\Controller\ContentController.class.php 第 18 行.
NOTIC: [8] Undefined index: p D:\wamp\www\thinkp\Application\Admin\Controller\ContentController.class.php 第 22 行.
NOTIC: [2048] Declaration of Common\Model\NewsModel::find() should be compatible with Think\Model::find($options = Array) D:\wamp\www\thinkp\Application\Common\Model\NewsModel.class.php 第 10 行.
SQL: SHOW COLUMNS FROM `cms_news` [ RunTime:0.0343s ]
SQL: SELECT * FROM `cms_news` WHERE `status` <> -1 ORDER BY listorder desc ,news_id desc LIMIT 0,10   [ RunTime:0.0011s ]
SQL: SELECT COUNT(*) AS tp_count FROM `cms_news` WHERE `status` <> -1 LIMIT 1   [ RunTime:0.0005s ]
NOTIC: [2048] Declaration of Common\Model\PositionModel::find() should be compatible with Think\Model::find($options = Array) D:\wamp\www\thinkp\Application\Common\Model\PositionModel.class.php 第 81 行.
SQL: SHOW COLUMNS FROM `cms_position` [ RunTime:0.0281s ]
SQL: SELECT * FROM `cms_position` WHERE `status` = 1 ORDER BY id  [ RunTime:0.0005s ]
NOTIC: [2048] Declaration of Common\Model\MenuModel::find() should be compatible with Think\Model::find($options = Array) D:\wamp\www\thinkp\Application\Common\Model\MenuModel.class.php 第 104 行.
SQL: SHOW COLUMNS FROM `cms_menu` [ RunTime:0.0106s ]
SQL: SELECT * FROM `cms_menu` WHERE `status` <> -1 AND `type` = 0 ORDER BY menu_id  [ RunTime:0.0006s ]
INFO: [ view_parse ] --START--
INFO: [ template_filter ] --START--
INFO: Run Behavior\ContentReplaceBehavior [ RunTime:0.002002s ]
INFO: [ template_filter ] --END-- [ RunTime:0.002433s ]
SQL: SELECT * FROM `cms_menu` WHERE `status` <> -1 AND `type` = 1 ORDER BY menu_id desc  [ RunTime:0.0007s ]
NOTIC: [8] Undefined index: a D:\wamp\www\thinkp\Application\Common\Common\function.php 第 46 行.
NOTIC: [8] Undefined index: a D:\wamp\www\thinkp\Application\Common\Common\function.php 第 46 行.
NOTIC: [8] Undefined index: a D:\wamp\www\thinkp\Application\Common\Common\function.php 第 46 行.
NOTIC: [8] Undefined index: a D:\wamp\www\thinkp\Application\Common\Common\function.php 第 46 行.
INFO: Run Behavior\ParseTemplateBehavior [ RunTime:0.258115s ]
INFO: [ view_parse ] --END-- [ RunTime:0.258335s ]
INFO: [ view_filter ] --START--
INFO: Run Behavior\WriteHtmlCacheBehavior [ RunTime:0.000761s ]
INFO: [ view_filter ] --END-- [ RunTime:0.000965s ]
INFO: [ app_end ] --START--
INFO: Run Behavior\ShowPageTraceBehavior [ RunTime:0.001068s ]
INFO: [ app_end ] --END-- [ RunTime:0.001265s ]

[ 2017-03-09T23:42:16+08:00 ] ::1 /thinkp/admin.php?c=menu
INFO: [ app_init ] --START--
INFO: Run Behavior\BuildLiteBehavior [ RunTime:0.000081s ]
INFO: [ app_init ] --END-- [ RunTime:0.001096s ]
INFO: [ app_begin ] --START--
INFO: Run Behavior\ReadHtmlCacheBehavior [ RunTime:0.001082s ]
INFO: [ app_begin ] --END-- [ RunTime:0.001309s ]
NOTIC: [8] Undefined index: p D:\wamp\www\thinkp\Application\Admin\Controller\MenuController.class.php 第 19 行.
NOTIC: [8] Undefined index: pageSize D:\wamp\www\thinkp\Application\Admin\Controller\MenuController.class.php 第 20 行.
NOTIC: [2048] Declaration of Common\Model\MenuModel::find() should be compatible with Think\Model::find($options = Array) D:\wamp\www\thinkp\Application\Common\Model\MenuModel.class.php 第 10 行.
SQL: SHOW COLUMNS FROM `cms_menu` [ RunTime:0.0189s ]
SQL: SELECT * FROM `cms_menu` WHERE `status` <> -1 ORDER BY menu_id desc LIMIT 0,5   [ RunTime:0.0006s ]
SQL: SELECT COUNT(*) AS tp_count FROM `cms_menu` WHERE `status` <> -1 LIMIT 1   [ RunTime:0.0004s ]
INFO: [ view_parse ] --START--
INFO: [ template_filter ] --START--
INFO: Run Behavior\ContentReplaceBehavior [ RunTime:0.000385s ]
INFO: [ template_filter ] --END-- [ RunTime:0.003204s ]
SQL: SELECT * FROM `cms_menu` WHERE `status` <> -1 AND `type` = 1 ORDER BY menu_id desc  [ RunTime:0.0011s ]
NOTIC: [8] Undefined index: a D:\wamp\www\thinkp\Application\Common\Common\function.php 第 46 行.
NOTIC: [8] Undefined index: a D:\wamp\www\thinkp\Application\Common\Common\function.php 第 46 行.
NOTIC: [8] Undefined index: a D:\wamp\www\thinkp\Application\Common\Common\function.php 第 46 行.
NOTIC: [8] Undefined index: a D:\wamp\www\thinkp\Application\Common\Common\function.php 第 46 行.
NOTIC: [8] Array to string conversion D:\wamp\www\thinkp\Application\Runtime\Cache\Admin\b956215329b6f9aca22277599a4efdfc.php 第 102 行.
NOTIC: [8] Undefined variable: type D:\wamp\www\thinkp\Application\Runtime\Cache\Admin\b956215329b6f9aca22277599a4efdfc.php 第 116 行.
NOTIC: [8] Undefined variable: type D:\wamp\www\thinkp\Application\Runtime\Cache\Admin\b956215329b6f9aca22277599a4efdfc.php 第 117 行.
INFO: Run Behavior\ParseTemplateBehavior [ RunTime:0.205208s ]
INFO: [ view_parse ] --END-- [ RunTime:0.205565s ]
INFO: [ view_filter ] --START--
INFO: Run Behavior\WriteHtmlCacheBehavior [ RunTime:0.003734s ]
INFO: [ view_filter ] --END-- [ RunTime:0.004514s ]
INFO: [ app_end ] --START--
INFO: Run Behavior\ShowPageTraceBehavior [ RunTime:0.002227s ]
INFO: [ app_end ] --END-- [ RunTime:0.002711s ]

[ 2017-03-09T23:42:18+08:00 ] ::1 /thinkp/admin.php?c=positioncontent
INFO: [ app_init ] --START--
INFO: Run Behavior\BuildLiteBehavior [ RunTime:0.000062s ]
INFO: [ app_init ] --END-- [ RunTime:0.000738s ]
INFO: [ app_begin ] --START--
INFO: Run Behavior\ReadHtmlCacheBehavior [ RunTime:0.001195s ]
INFO: [ app_begin ] --END-- [ RunTime:0.001450s ]
NOTIC: [2048] Declaration of Common\Model\PositionModel::find() should be compatible with Think\Model::find($options = Array) D:\wamp\www\thinkp\Application\Common\Model\PositionModel.class.php 第 9 行.
SQL: SHOW COLUMNS FROM `cms_position` [ RunTime:0.0217s ]
SQL: SELECT * FROM `cms_position` WHERE `status` = 1 ORDER BY id  [ RunTime:0.0005s ]
NOTIC: [8] Undefined index: title D:\wamp\www\thinkp\Application\Admin\Controller\PositioncontentController.class.php 第 14 行.
NOTIC: [8] Undefined index: position_id D:\wamp\www\thinkp\Application\Admin\Controller\PositioncontentController.class.php 第 18 行.
SQL: SHOW COLUMNS FROM `cms_position_content` [ RunTime:0.0195s ]
SQL: SELECT * FROM `cms_position_content`  [ RunTime:0.0005s ]
INFO: [ view_parse ] --START--
INFO: [ template_filter ] --START--
INFO: Run Behavior\ContentReplaceBehavior [ RunTime:0.000308s ]
INFO: [ template_filter ] --END-- [ RunTime:0.000684s ]
NOTIC: [2048] Declaration of Common\Model\MenuModel::find() should be compatible with Think\Model::find($options = Array) D:\wamp\www\thinkp\Application\Common\Model\MenuModel.class.php 第 104 行.
SQL: SHOW COLUMNS FROM `cms_menu` [ RunTime:0.0269s ]
SQL: SELECT * FROM `cms_menu` WHERE `status` <> -1 AND `type` = 1 ORDER BY menu_id desc  [ RunTime:0.0005s ]
NOTIC: [8] Undefined index: a D:\wamp\www\thinkp\Application\Common\Common\function.php 第 46 行.
NOTIC: [8] Undefined index: a D:\wamp\www\thinkp\Application\Common\Common\function.php 第 46 行.
NOTIC: [8] Undefined index: a D:\wamp\www\thinkp\Application\Common\Common\function.php 第 46 行.
NOTIC: [8] Undefined index: a D:\wamp\www\thinkp\Application\Common\Common\function.php 第 46 行.
NOTIC: [8] Undefined variable: title D:\wamp\www\thinkp\Application\Runtime\Cache\Admin\b8a8b9d170e6c07d7b463ea02385894d.php 第 121 行.
INFO: Run Behavior\ParseTemplateBehavior [ RunTime:0.273680s ]
INFO: [ view_parse ] --END-- [ RunTime:0.273978s ]
INFO: [ view_filter ] --START--
INFO: Run Behavior\WriteHtmlCacheBehavior [ RunTime:0.000786s ]
INFO: [ view_filter ] --END-- [ RunTime:0.000974s ]
INFO: [ app_end ] --START--
INFO: Run Behavior\ShowPageTraceBehavior [ RunTime:0.001395s ]
INFO: [ app_end ] --END-- [ RunTime:0.001590s ]

[ 2017-03-09T23:42:19+08:00 ] ::1 /thinkp/admin.php?c=position
INFO: [ app_init ] --START--
INFO: Run Behavior\BuildLiteBehavior [ RunTime:0.000052s ]
INFO: [ app_init ] --END-- [ RunTime:0.000952s ]
INFO: [ app_begin ] --START--
INFO: Run Behavior\ReadHtmlCacheBehavior [ RunTime:0.001164s ]
INFO: [ app_begin ] --END-- [ RunTime:0.001378s ]
NOTIC: [2048] Declaration of Common\Model\PositionModel::find() should be compatible with Think\Model::find($options = Array) D:\wamp\www\thinkp\Application\Common\Model\PositionModel.class.php 第 9 行.
SQL: SHOW COLUMNS FROM `cms_position` [ RunTime:0.0342s ]
SQL: SELECT * FROM `cms_position` WHERE `status` <> -1 ORDER BY id  [ RunTime:0.0006s ]
INFO: [ view_parse ] --START--
INFO: [ template_filter ] --START--
INFO: Run Behavior\ContentReplaceBehavior [ RunTime:0.000168s ]
INFO: [ template_filter ] --END-- [ RunTime:0.000468s ]
NOTIC: [2048] Declaration of Common\Model\MenuModel::find() should be compatible with Think\Model::find($options = Array) D:\wamp\www\thinkp\Application\Common\Model\MenuModel.class.php 第 104 行.
SQL: SHOW COLUMNS FROM `cms_menu` [ RunTime:0.0190s ]
SQL: SELECT * FROM `cms_menu` WHERE `status` <> -1 AND `type` = 1 ORDER BY menu_id desc  [ RunTime:0.0008s ]
NOTIC: [8] Undefined index: a D:\wamp\www\thinkp\Application\Common\Common\function.php 第 46 行.
NOTIC: [8] Undefined index: a D:\wamp\www\thinkp\Application\Common\Common\function.php 第 46 行.
NOTIC: [8] Undefined index: a D:\wamp\www\thinkp\Application\Common\Common\function.php 第 46 行.
NOTIC: [8] Undefined index: a D:\wamp\www\thinkp\Application\Common\Common\function.php 第 46 行.
NOTIC: [8] Array to string conversion D:\wamp\www\thinkp\Application\Runtime\Cache\Admin\3a437f75b5b60a521a3ad0fc93a5ab5f.php 第 97 行.
INFO: Run Behavior\ParseTemplateBehavior [ RunTime:0.059135s ]
INFO: [ view_parse ] --END-- [ RunTime:0.059337s ]
INFO: [ view_filter ] --START--
INFO: Run Behavior\WriteHtmlCacheBehavior [ RunTime:0.000782s ]
INFO: [ view_filter ] --END-- [ RunTime:0.000974s ]
INFO: [ app_end ] --START--
INFO: Run Behavior\ShowPageTraceBehavior [ RunTime:0.001063s ]
INFO: [ app_end ] --END-- [ RunTime:0.001260s ]

